#
# A fatal error has been detected by the Java Runtime Environment:
#
#  EXCEPTION_ACCESS_VIOLATION (0xc0000005) at pc=0x00007ffd7fa0c236, pid=13108, tid=13380
#
# JRE version: OpenJDK Runtime Environment Temurin-21.0.4+7 (21.0.4+7) (build 21.0.4+7-LTS)
# Java VM: OpenJDK 64-Bit Server VM Temurin-21.0.4+7 (21.0.4+7-LTS, mixed mode, emulated-client, tiered, compressed oops, compressed class ptrs, g1 gc, windows-amd64)
# Problematic frame:
# V  [jvm.dll+0xc236]
#
# No core dump will be written. Minidumps are not enabled by default on client versions of Windows
#
# If you would like to submit a bug report, please visit:
#   https://github.com/adoptium/adoptium-support/issues
#

---------------  S U M M A R Y ------------

Command Line: -XX:+ShowCodeDetailsInExceptionMessages -agentlib:jdwp=transport=dt_socket,suspend=y,address=localhost:51641 -Dcom.sun.management.jmxremote -Dcom.sun.management.jmxremote.port=51640 -Dcom.sun.management.jmxremote.authenticate=false -Dcom.sun.management.jmxremote.ssl=false -Djava.rmi.server.hostname=localhost -Dspring.jmx.enabled=true -Dmanagement.endpoints.jmx.exposure.include=* -Dspring.application.admin.enabled=true -XX:TieredStopAtLevel=1 -Dspring.boot.project.name=gerenciador-tarefas -javaagent:C:\Users\Thais Rodrigues\Downloads\sts-4.25.0.RELEASE\configuration\org.eclipse.osgi\270\0\.cp\lib\javaagent-shaded.jar -Dfile.encoding=UTF-8 -Dstdout.encoding=UTF-8 -Dstderr.encoding=UTF-8 com.example.gerenciador_tarefas.GerenciadorTarefasApplication --spring.output.ansi.enabled=always

Host: AMD Ryzen 5 4600G with Radeon Graphics, 12 cores, 15G,  Windows 10 , 64 bit Build 19041 (10.0.19041.1202)
Time: Thu Oct  3 23:21:04 2024 Hora oficial do Brasil elapsed time: 3127.582435 seconds (0d 0h 52m 7s)

---------------  T H R E A D  ---------------

Current thread (0x0000017cf058ff40):  WorkerThread "GC Thread#1"    [id=13380, stack(0x0000002677600000,0x0000002677700000) (1024K)]

Stack: [0x0000002677600000,0x0000002677700000],  sp=0x00000026776fde98,  free space=1015k
Native frames: (J=compiled Java code, j=interpreted, Vv=VM code, C=native code)
V  [jvm.dll+0xc236]

JavaThread 0x0000017cf222d250 (nid = 12332) was being processed
Java frames: (J=compiled Java code, j=interpreted, Vv=VM code)
j  java.lang.invoke.DirectMethodHandle$Holder.newInvokeSpecial(Ljava/lang/Object;)Ljava/lang/Object;+15 java.base@21.0.4
J 866 c1 jdk.internal.reflect.DirectConstructorHandleAccessor.newInstance([Ljava/lang/Object;)Ljava/lang/Object; java.base@21.0.4 (130 bytes) @ 0x0000017ce0c665ec [0x0000017ce0c663e0+0x000000000000020c]
J 865 c1 java.lang.reflect.Constructor.newInstanceWithCaller([Ljava/lang/Object;ZLjava/lang/Class;)Ljava/lang/Object; java.base@21.0.4 (51 bytes) @ 0x0000017ce0c6249c [0x0000017ce0c623c0+0x00000000000000dc]
J 3385 c1 org.springframework.beans.BeanUtils.instantiateClass(Ljava/lang/reflect/Constructor;[Ljava/lang/Object;)Ljava/lang/Object; (208 bytes) @ 0x0000017ce1165e8c [0x0000017ce1165900+0x000000000000058c]
J 6107 c1 org.springframework.beans.factory.support.SimpleInstantiationStrategy.instantiate(Lorg/springframework/beans/factory/support/RootBeanDefinition;Ljava/lang/String;Lorg/springframework/beans/factory/BeanFactory;)Ljava/lang/Object; (123 bytes) @ 0x0000017ce146a86c [0x0000017ce146a3a0+0x00000000000004cc]
J 6106 c1 org.springframework.beans.factory.support.AbstractAutowireCapableBeanFactory.instantiateBean(Ljava/lang/String;Lorg/springframework/beans/factory/support/RootBeanDefinition;)Lorg/springframework/beans/BeanWrapper; (51 bytes) @ 0x0000017ce146bc74 [0x0000017ce146bbc0+0x00000000000000b4]
J 5050 c1 org.springframework.beans.factory.support.AbstractAutowireCapableBeanFactory.createBeanInstance(Ljava/lang/String;Lorg/springframework/beans/factory/support/RootBeanDefinition;[Ljava/lang/Object;)Lorg/springframework/beans/BeanWrapper; (245 bytes) @ 0x0000017ce0f86684 [0x0000017ce0f86040+0x0000000000000644]
J 5049 c1 org.springframework.beans.factory.support.AbstractAutowireCapableBeanFactory.doCreateBean(Ljava/lang/String;Lorg/springframework/beans/factory/support/RootBeanDefinition;[Ljava/lang/Object;)Ljava/lang/Object; (469 bytes) @ 0x0000017ce0f8352c [0x0000017ce0f83380+0x00000000000001ac]
J 5047 c1 org.springframework.beans.factory.support.AbstractAutowireCapableBeanFactory.createBean(Ljava/lang/String;Lorg/springframework/beans/factory/support/RootBeanDefinition;[Ljava/lang/Object;)Ljava/lang/Object; (214 bytes) @ 0x0000017ce0f8843c [0x0000017ce0f87f40+0x00000000000004fc]
J 5110 c1 org.springframework.beans.factory.support.AbstractBeanFactory$$Lambda+0x0000000800340838.getObject()Ljava/lang/Object; (20 bytes) @ 0x0000017ce0f681bc [0x0000017ce0f68120+0x000000000000009c]
J 5108 c1 org.springframework.beans.factory.support.DefaultSingletonBeanRegistry.getSingleton(Ljava/lang/String;Lorg/springframework/beans/factory/ObjectFactory;)Ljava/lang/Object; (279 bytes) @ 0x0000017ce0f68f9c [0x0000017ce0f68c40+0x000000000000035c]
J 3024 c1 org.springframework.beans.factory.support.AbstractBeanFactory.doGetBean(Ljava/lang/String;Ljava/lang/Class;[Ljava/lang/Object;Z)Ljava/lang/Object; (787 bytes) @ 0x0000017ce10b9614 [0x0000017ce10b8fa0+0x0000000000000674]
J 4117 c1 org.springframework.beans.factory.support.AbstractBeanFactory.getBean(Ljava/lang/String;)Ljava/lang/Object; (9 bytes) @ 0x0000017ce1282814 [0x0000017ce12827a0+0x0000000000000074]
j  org.springframework.beans.factory.support.DefaultListableBeanFactory.preInstantiateSingletons()V+152
j  org.springframework.context.support.AbstractApplicationContext.finishBeanFactoryInitialization(Lorg/springframework/beans/factory/config/ConfigurableListableBeanFactory;)V+173
j  org.springframework.context.support.AbstractApplicationContext.refresh()V+94
j  org.springframework.boot.web.servlet.context.ServletWebServerApplicationContext.refresh()V+1
j  org.springframework.boot.SpringApplication.refresh(Lorg/springframework/context/ConfigurableApplicationContext;)V+1
j  org.springframework.boot.SpringApplication.refreshContext(Lorg/springframework/context/ConfigurableApplicationContext;)V+16
j  org.springframework.boot.SpringApplication.run([Ljava/lang/String;)Lorg/springframework/context/ConfigurableApplicationContext;+110
j  org.springframework.boot.SpringApplication.run([Ljava/lang/Class;[Ljava/lang/String;)Lorg/springframework/context/ConfigurableApplicationContext;+9
j  org.springframework.boot.SpringApplication.run(Ljava/lang/Class;[Ljava/lang/String;)Lorg/springframework/context/ConfigurableApplicationContext;+9
j  com.example.gerenciador_tarefas.GerenciadorTarefasApplication.main([Ljava/lang/String;)V+3
j  java.lang.invoke.LambdaForm$DMH+0x00000008000c4c00.invokeStatic(Ljava/lang/Object;Ljava/lang/Object;)V+10 java.base@21.0.4
j  java.lang.invoke.LambdaForm$MH+0x0000000800141800.invoke(Ljava/lang/Object;Ljava/lang/Object;Ljava/lang/Object;)Ljava/lang/Object;+33 java.base@21.0.4
J 4098 c1 jdk.internal.reflect.DirectMethodHandleAccessor.invoke(Ljava/lang/Object;[Ljava/lang/Object;)Ljava/lang/Object; java.base@21.0.4 (92 bytes) @ 0x0000017ce127a6fc [0x0000017ce127a340+0x00000000000003bc]
J 4140 c1 java.lang.reflect.Method.invoke(Ljava/lang/Object;[Ljava/lang/Object;)Ljava/lang/Object; java.base@21.0.4 (108 bytes) @ 0x0000017ce128b3f4 [0x0000017ce128b200+0x00000000000001f4]
j  org.springframework.boot.devtools.restart.RestartLauncher.run()V+47
v  ~StubRoutines::call_stub 0x0000017ce08d100d

siginfo: EXCEPTION_ACCESS_VIOLATION (0xc0000005), reading address 0x00000008ec3eccd7


Registers:
RAX=0x0000000000000000, RBX=0x0000000000000000, RCX=0x00000026780fd900, RDX=0x00000026780fd900
RSP=0x00000026776fde98, RBP=0x00000026776fe070, RSI=0x00000026776fe240, RDI=0x00000026780fd900
R8 =0x00000008ec3ecccf, R9 =0x00000026780fd900, R10=0x0000017ce08d0000, R11=0x00000026776fe0e8
R12=0x0000017ceb6d3188, R13=0x00000026780fd900, R14=0x0000017cf2405d00, R15=0x00000008ec3ecccf
RIP=0x00007ffd7fa0c236, EFLAGS=0x0000000000010206


Register to memory mapping:

RAX=0x0 is null
RBX=0x0 is null
RCX=0x00000026780fd900 is pointing into the stack for thread: 0x0000017cf222d250
RDX=0x00000026780fd900 is pointing into the stack for thread: 0x0000017cf222d250
RSP=0x00000026776fde98 points into unknown readable memory: 0x00007ffd7fd56a5b | 5b 6a d5 7f fd 7f 00 00
RBP=0x00000026776fe070 points into unknown readable memory: 0x0000002600000000 | 00 00 00 00 26 00 00 00
RSI=0x00000026776fe240 points into unknown readable memory: 0x00000026780fd8f8 | f8 d8 0f 78 26 00 00 00
RDI=0x00000026780fd900 is pointing into the stack for thread: 0x0000017cf222d250
R8 =0x00000008ec3ecccf is an unknown value
R9 =0x00000026780fd900 is pointing into the stack for thread: 0x0000017cf222d250
R10=0x0000017ce08d0000 points into unknown readable memory: 0x0000000000000006 | 06 00 00 00 00 00 00 00
R11=0x00000026776fe0e8 points into unknown readable memory: 0x00007ffd7fd1337d | 7d 33 d1 7f fd 7f 00 00
R12=0x0000017ceb6d3188 points into unknown readable memory: 0x4c2800326a0fffff | ff ff 0f 6a 32 00 28 4c
R13=0x00000026780fd900 is pointing into the stack for thread: 0x0000017cf222d250
R14=0x0000017cf2405d00 points into unknown readable memory: 0x00007ffd80425a88 | 88 5a 42 80 fd 7f 00 00
R15=0x00000008ec3ecccf is an unknown value

Top of Stack: (sp=0x00000026776fde98)
0x00000026776fde98:   00007ffd7fd56a5b 0000000000000000
0x00000026776fdea8:   0000000000000004 000000000000012f
0x00000026776fdeb8:   00007ffd800ba91f 000000000000012f
0x00000026776fdec8:   0000000000000013 0000017cf225dc28
0x00000026776fded8:   00007ffd80194e51 0000000000000000
0x00000026776fdee8:   00000026776fdf48 0000017cf225dbc8
0x00000026776fdef8:   0000000000000000 0000017cf0570df0
0x00000026776fdf08:   0000017cf0013ea0 0000017ceb6d3188
0x00000026776fdf18:   00000026780fd900 00000026776fe240
0x00000026776fdf28:   00000026776fe070 0000017cf225dbc8
0x00000026776fdf38:   00007ffd7fd65024 00000026776fe000
0x00000026776fdf48:   00000026776fe240 0000017ceb467a48
0x00000026776fdf58:   0000000000000000 0000017cf225dbc8
0x00000026776fdf68:   00007ffd7fd1392b 0000000000000001
0x00000026776fdf78:   0000017cec3ecce0 0000017cf225dbc8
0x00000026776fdf88:   00000026776fe240 0000000fe0b10801
0x00000026776fdf98:   0000017cec3ecce0 0000017cf058ff40
0x00000026776fdfa8:   0000017c00000003 00000000000003d8
0x00000026776fdfb8:   0000017cf0013eb0 0000017cf0014288
0x00000026776fdfc8:   0000017cec3ecccf 0000017c000000b8
0x00000026776fdfd8:   0000017cec3ecce0 00007ffd8041cff0
0x00000026776fdfe8:   00000026776fe240 0000017cf225dbc8
0x00000026776fdff8:   0000000400000003 0000017ceb6d3188
0x00000026776fe008:   0000001300000001 0000000000000032
0x00000026776fe018:   000000010000000c 0000017ceb467a48
0x00000026776fe028:   0000000000000000 0000017cf21c005c
0x00000026776fe038:   0000d40f00000002 0000000300000001
0x00000026776fe048:   0000ffff09b0e000 00007ffd80258330
0x00000026776fe058:   0000017cf225dbc8 0000017cec04da60
0x00000026776fe068:   00000006f0010013 0000002600000000
0x00000026776fe078:   0000000000000015 0000017cf225dbc8
0x00000026776fe088:   00007ffd7fd6507e 0000000000000000 

Instructions: (pc=0x00007ffd7fa0c236)
0x00007ffd7fa0c136:   48 8b 05 33 89 cc 00 48 8b 48 60 48 8b 04 d1 48
0x00007ffd7fa0c146:   85 c0 75 08 48 8b 05 27 89 cc 00 c3 48 8b 05 17
0x00007ffd7fa0c156:   89 cc 00 c3 cc cc cc cc cc cc 8b 05 52 5e c1 00
0x00007ffd7fa0c166:   c3 cc cc cc cc cc cc cc cc cc 0f b6 05 a3 74 c1
0x00007ffd7fa0c176:   00 48 8b d1 84 c0 74 16 44 8b 41 08 8b 0d 30 5e
0x00007ffd7fa0c186:   c1 00 49 d3 e0 4c 03 05 1e 5e c1 00 eb 04 4c 8b
0x00007ffd7fa0c196:   41 08 45 8b 48 08 45 85 c9 7e 0e 41 f6 c1 01 75
0x00007ffd7fa0c1a6:   53 41 c1 f9 03 49 63 c1 c3 79 49 84 c0 41 b8 0c
0x00007ffd7fa0c1b6:   00 00 00 8b 05 69 6f c1 00 b9 10 00 00 00 41 0f
0x00007ffd7fa0c1c6:   45 c8 ff c8 4c 63 c0 41 8b c1 48 c1 f8 10 0f b6
0x00007ffd7fa0c1d6:   c0 48 63 14 11 41 8b c9 83 e1 3f 48 d3 e2 49 8d
0x00007ffd7fa0c1e6:   0c 10 49 f7 d0 48 03 c1 49 c1 e8 03 48 c1 e8 03
0x00007ffd7fa0c1f6:   49 23 c0 c3 49 8b 00 49 8b c8 48 ff a0 00 01 00
0x00007ffd7fa0c206:   00 cc cc cc cc cc cc cc cc cc 8b 44 24 30 45 03
0x00007ffd7fa0c216:   c9 44 2b 4c 24 28 83 c0 0b 44 03 ca 45 03 c8 41
0x00007ffd7fa0c226:   03 c1 c3 cc cc cc cc cc cc cc 4c 8b c2 48 8b d1
0x00007ffd7fa0c236:   45 8b 48 08 45 85 c9 7e 0e 41 f6 c1 01 75 56 41
0x00007ffd7fa0c246:   c1 f9 03 49 63 c1 c3 79 4c 80 3d c4 73 c1 00 00
0x00007ffd7fa0c256:   b8 0c 00 00 00 b9 10 00 00 00 0f 45 c8 8b 05 bf
0x00007ffd7fa0c266:   6e c1 00 ff c8 4c 63 c0 41 8b c1 48 c1 f8 10 48
0x00007ffd7fa0c276:   63 14 11 41 8b c9 83 e1 3f 0f b6 c0 48 d3 e2 49
0x00007ffd7fa0c286:   8d 0c 10 49 f7 d0 48 03 c1 49 c1 e8 03 48 c1 e8
0x00007ffd7fa0c296:   03 49 23 c0 c3 49 8b 00 49 8b c8 48 ff a0 00 01
0x00007ffd7fa0c2a6:   00 00 cc cc cc cc cc cc cc cc 48 8b 41 08 0f b7
0x00007ffd7fa0c2b6:   48 2c 0f b7 40 2a 83 c0 48 03 c1 c3 cc cc cc cc
0x00007ffd7fa0c2c6:   cc cc cc cc cc cc cc cc cc cc 48 89 5c 24 08 57
0x00007ffd7fa0c2d6:   48 83 ec 20 0f b6 05 df 70 cc 00 48 8b fa 48 8b
0x00007ffd7fa0c2e6:   d9 84 c0 74 4f 48 85 15 76 68 cc 00 74 38 48 8b
0x00007ffd7fa0c2f6:   ca e8 94 a8 8c 00 48 8b d0 48 85 db 74 25 48 85
0x00007ffd7fa0c306:   c0 74 20 48 8b c7 f0 48 0f b1 13 74 16 48 85 05
0x00007ffd7fa0c316:   4e 68 cc 00 74 0d 48 8b c8 f0 48 0f b1 13 48 3b
0x00007ffd7fa0c326:   c1 75 ea 48 8b fa 48 8b c7 48 8b 5c 24 30 48 83 


Stack slot to memory mapping:

stack at sp + 0 slots: 0x00007ffd7fd56a5b jvm.dll
stack at sp + 1 slots: 0x0 is null
stack at sp + 2 slots: 0x0000000000000004 is an unknown value
stack at sp + 3 slots: 0x000000000000012f is an unknown value
stack at sp + 4 slots: 0x00007ffd800ba91f jvm.dll
stack at sp + 5 slots: 0x000000000000012f is an unknown value
stack at sp + 6 slots: 0x0000000000000013 is an unknown value
stack at sp + 7 slots: 0x0000017cf225dc28 points into unknown readable memory: 0x00007ffd80427790 | 90 77 42 80 fd 7f 00 00


---------------  P R O C E S S  ---------------

Threads class SMR info:
_java_thread_list=0x0000017cf12d39f0, length=36, elements={
0x0000017ceb60db00, 0x0000017ceb60e560, 0x0000017ceb6653a0, 0x0000017ceb666a10,
0x0000017ceb667680, 0x0000017ceb6312f0, 0x0000017ceb65c4a0, 0x0000017ceb546e80,
0x0000017ceb8d4020, 0x0000017ceb8d7880, 0x0000017ceb8dc320, 0x0000017cf02ea910,
0x0000017cf05814e0, 0x0000017cf0584670, 0x0000017cf062adc0, 0x0000017cf0f44800,
0x0000017cf0f75690, 0x0000017cf0f75d20, 0x0000017cf22306d0, 0x0000017cf2261d30,
0x0000017cf0f75000, 0x0000017cf2127800, 0x0000017cf2230040, 0x0000017cf222d8e0,
0x0000017cf2127e90, 0x0000017cf2261010, 0x0000017cf22602f0, 0x0000017cf22623c0,
0x0000017cf22616a0, 0x0000017cf222ec90, 0x0000017cf21298d0, 0x0000017cf222df70,
0x0000017cf222d250, 0x0000017cf222e600, 0x0000017cf222f320, 0x0000017cf222f9b0
}

Java Threads: ( => current thread )
  0x0000017ceb60db00 JavaThread "Reference Handler"          daemon [_thread_blocked, id=11656, stack(0x0000002676600000,0x0000002676700000) (1024K)]
  0x0000017ceb60e560 JavaThread "Finalizer"                  daemon [_thread_blocked, id=12896, stack(0x0000002676700000,0x0000002676800000) (1024K)]
  0x0000017ceb6653a0 JavaThread "Signal Dispatcher"          daemon [_thread_blocked, id=6880, stack(0x0000002676800000,0x0000002676900000) (1024K)]
  0x0000017ceb666a10 JavaThread "Attach Listener"            daemon [_thread_blocked, id=12400, stack(0x0000002676900000,0x0000002676a00000) (1024K)]
  0x0000017ceb667680 JavaThread "Service Thread"             daemon [_thread_blocked, id=4992, stack(0x0000002676a00000,0x0000002676b00000) (1024K)]
  0x0000017ceb6312f0 JavaThread "Monitor Deflation Thread"   daemon [_thread_blocked, id=13180, stack(0x0000002676b00000,0x0000002676c00000) (1024K)]
  0x0000017ceb65c4a0 JavaThread "C1 CompilerThread0"         daemon [_thread_blocked, id=11828, stack(0x0000002676c00000,0x0000002676d00000) (1024K)]
  0x0000017ceb546e80 JavaThread "Common-Cleaner"             daemon [_thread_blocked, id=9536, stack(0x0000002676d00000,0x0000002676e00000) (1024K)]
  0x0000017ceb8d4020 JavaThread "JDWP Transport Listener: dt_socket" daemon [_thread_blocked, id=13316, stack(0x0000002677000000,0x0000002677100000) (1024K)]
  0x0000017ceb8d7880 JavaThread "JDWP Event Helper Thread"   daemon [_thread_blocked, id=13320, stack(0x0000002677100000,0x0000002677200000) (1024K)]
  0x0000017ceb8dc320 JavaThread "JDWP Command Reader"        daemon [_thread_in_native, id=13324, stack(0x0000002677200000,0x0000002677300000) (1024K)]
  0x0000017cf02ea910 JavaThread "Notification Thread"        daemon [_thread_blocked, id=13340, stack(0x0000002677300000,0x0000002677400000) (1024K)]
  0x0000017cf05814e0 JavaThread "RMI TCP Accept-0"           daemon [_thread_in_native, id=13344, stack(0x0000002677400000,0x0000002677500000) (1024K)]
  0x0000017cf0584670 JavaThread "RMI TCP Accept-51640"       daemon [_thread_in_native, id=13364, stack(0x0000002677500000,0x0000002677600000) (1024K)]
  0x0000017cf062adc0 JavaThread "RMI TCP Accept-0"           daemon [_thread_in_native, id=13416, stack(0x0000002677f00000,0x0000002678000000) (1024K)]
  0x0000017cf0f44800 JavaThread "RMI Scheduler(0)"           daemon [_thread_blocked, id=13480, stack(0x0000002678600000,0x0000002678700000) (1024K)]
  0x0000017cf0f75690 JavaThread "JMX server connection timeout 47" daemon [_thread_blocked, id=13532, stack(0x0000002678800000,0x0000002678900000) (1024K)]
  0x0000017cf0f75d20 JavaThread "BufferPoolPruner-1-thread-1" daemon [_thread_blocked, id=13624, stack(0x0000002678c00000,0x0000002678d00000) (1024K)]
  0x0000017cf22306d0 JavaThread "Live Reload Server"         daemon [_thread_in_native, id=13652, stack(0x0000002679200000,0x0000002679300000) (1024K)]
  0x0000017cf2261d30 JavaThread "DestroyJavaVM"                     [_thread_blocked, id=8428, stack(0x0000002675e00000,0x0000002675f00000) (1024K)]
  0x0000017cf0f75000 JavaThread "Thread-7"                          [_thread_blocked, id=12396, stack(0x0000002675c00000,0x0000002675d00000) (1024K)]
  0x0000017cf2127800 JavaThread "File Watcher"               daemon [_thread_blocked, id=13552, stack(0x0000002675d00000,0x0000002675e00000) (1024K)]
  0x0000017cf2230040 JavaThread "File Watcher"               daemon [_thread_blocked, id=3836, stack(0x0000002678400000,0x0000002678500000) (1024K)]
  0x0000017cf222d8e0 JavaThread "File Watcher"               daemon [_thread_blocked, id=3272, stack(0x0000002675b00000,0x0000002675c00000) (1024K)]
  0x0000017cf2127e90 JavaThread "File Watcher"               daemon [_thread_blocked, id=6688, stack(0x0000002678a00000,0x0000002678b00000) (1024K)]
  0x0000017cf2261010 JavaThread "File Watcher"               daemon [_thread_blocked, id=13264, stack(0x0000002678b00000,0x0000002678c00000) (1024K)]
  0x0000017cf22602f0 JavaThread "File Watcher"               daemon [_thread_blocked, id=7692, stack(0x0000002678100000,0x0000002678200000) (1024K)]
  0x0000017cf22623c0 JavaThread "File Watcher"               daemon [_thread_blocked, id=14212, stack(0x0000002676e00000,0x0000002676f00000) (1024K)]
  0x0000017cf22616a0 JavaThread "RMI TCP Connection(94)-127.0.0.1" daemon [_thread_in_native, id=12568, stack(0x0000002678900000,0x0000002678a00000) (1024K)]
  0x0000017cf222ec90 JavaThread "Jndi-Dns-address-change-listener" daemon [_thread_in_native, id=1232, stack(0x0000002679300000,0x0000002679400000) (1024K)]
  0x0000017cf21298d0 JavaThread "File Watcher"               daemon [_thread_blocked, id=12324, stack(0x0000002676f00000,0x0000002677000000) (1024K)]
  0x0000017cf222df70 JavaThread "File Watcher"               daemon [_thread_blocked, id=13604, stack(0x0000002679000000,0x0000002679100000) (1024K)]
  0x0000017cf222d250 JavaThread "restartedMain"                     [_thread_blocked, id=12332, stack(0x0000002678000000,0x0000002678100000) (1024K)]
  0x0000017cf222e600 JavaThread "Catalina-utility-1"                [_thread_blocked, id=6016, stack(0x0000002678700000,0x0000002678800000) (1024K)]
  0x0000017cf222f320 JavaThread "Catalina-utility-2"                [_thread_blocked, id=10840, stack(0x0000002678d00000,0x0000002678e00000) (1024K)]
  0x0000017cf222f9b0 JavaThread "container-9"                       [_thread_blocked, id=6796, stack(0x0000002678e00000,0x0000002678f00000) (1024K)]
Total: 36

Other Threads:
  0x0000017ceb5c8480 VMThread "VM Thread"                           [id=1228, stack(0x0000002676500000,0x0000002676600000) (1024K)]
  0x0000017ceb546310 WatcherThread "VM Periodic Task Thread"        [id=9724, stack(0x0000002676400000,0x0000002676500000) (1024K)]
  0x0000017cdce29350 WorkerThread "GC Thread#0"                     [id=13204, stack(0x0000002675f00000,0x0000002676000000) (1024K)]
=>0x0000017cf058ff40 WorkerThread "GC Thread#1"                     [id=13380, stack(0x0000002677600000,0x0000002677700000) (1024K)]
  0x0000017cf0640920 WorkerThread "GC Thread#2"                     [id=13384, stack(0x0000002677700000,0x0000002677800000) (1024K)]
  0x0000017cf059a660 WorkerThread "GC Thread#3"                     [id=13388, stack(0x0000002677800000,0x0000002677900000) (1024K)]
  0x0000017cf0627a30 WorkerThread "GC Thread#4"                     [id=13392, stack(0x0000002677900000,0x0000002677a00000) (1024K)]
  0x0000017cf0627dd0 WorkerThread "GC Thread#5"                     [id=13396, stack(0x0000002677a00000,0x0000002677b00000) (1024K)]
  0x0000017cf0627690 WorkerThread "GC Thread#6"                     [id=13400, stack(0x0000002677b00000,0x0000002677c00000) (1024K)]
  0x0000017cf06288b0 WorkerThread "GC Thread#7"                     [id=13404, stack(0x0000002677c00000,0x0000002677d00000) (1024K)]
  0x0000017cf0628170 WorkerThread "GC Thread#8"                     [id=13408, stack(0x0000002677d00000,0x0000002677e00000) (1024K)]
  0x0000017cf0628510 WorkerThread "GC Thread#9"                     [id=13412, stack(0x0000002677e00000,0x0000002677f00000) (1024K)]
  0x0000017cdce3c200 ConcurrentGCThread "G1 Main Marker"            [id=7316, stack(0x0000002676000000,0x0000002676100000) (1024K)]
  0x0000017cdce3d420 WorkerThread "G1 Conc#0"                       [id=2432, stack(0x0000002676100000,0x0000002676200000) (1024K)]
  0x0000017cf06272f0 WorkerThread "G1 Conc#1"                       [id=13444, stack(0x0000002678200000,0x0000002678300000) (1024K)]
  0x0000017cf0daba10 WorkerThread "G1 Conc#2"                       [id=13448, stack(0x0000002678300000,0x0000002678400000) (1024K)]
  0x0000017ceb412180 ConcurrentGCThread "G1 Refine#0"               [id=11520, stack(0x0000002676200000,0x0000002676300000) (1024K)]
  0x0000017ceb4149b0 ConcurrentGCThread "G1 Service"                [id=13068, stack(0x0000002676300000,0x0000002676400000) (1024K)]
Total: 18

Threads with active compile tasks:
Total: 0

VM state: at safepoint (normal execution)

VM Mutex/Monitor currently owned by a thread:  ([mutex/lock_event])
[0x00007ffd806a7308] Threads_lock - owner thread: 0x0000017ceb5c8480
[0x00007ffd806a7408] Heap_lock - owner thread: 0x0000017cf2127800

Heap address: 0x0000000709a00000, size: 3942 MB, Compressed Oops mode: Zero based, Oop shift amount: 3

CDS archive(s) not mapped
Compressed class space mapped at: 0x0000000800000000-0x0000000840000000, reserved size: 1073741824
Narrow klass base: 0x0000000800000000, Narrow klass shift: 0, Narrow klass range: 0x40000000

GC Precious Log:
 CardTable entry size: 512
 Card Set container configuration: InlinePtr #cards 4 size 8 Array Of Cards #cards 16 size 48 Howl #buckets 8 coarsen threshold 3686 Howl Bitmap #cards 512 size 80 coarsen threshold 460 Card regions per heap region 1 cards per card region 4096
 CPUs: 12 total, 12 available
 Memory: 15761M
 Large Page Support: Disabled
 NUMA Support: Disabled
 Compressed Oops: Enabled (Zero based)
 Heap Region Size: 2M
 Heap Min Capacity: 8M
 Heap Initial Capacity: 248M
 Heap Max Capacity: 3942M
 Pre-touch: Disabled
 Parallel Workers: 10
 Concurrent Workers: 3
 Concurrent Refinement Workers: 10
 Periodic GC: Disabled

Heap:
 garbage-first heap   total 90112K, used 74044K [0x0000000709a00000, 0x0000000800000000)
  region size 2048K, 26 young (53248K), 1 survivors (2048K)
 Metaspace       used 52648K, committed 53312K, reserved 1114112K
  class space    used 6571K, committed 6848K, reserved 1048576K

Heap Regions: E=young(eden), S=young(survivor), O=old, HS=humongous(starts), HC=humongous(continues), CS=collection set, F=free, TAMS=top-at-mark-start, PB=parsable bottom
|   0|0x0000000709a00000, 0x0000000709bfea10, 0x0000000709c00000| 99%| O|  |TAMS 0x0000000709a00000| PB 0x0000000709a00000| Untracked 
|   1|0x0000000709c00000, 0x0000000709e00000, 0x0000000709e00000|100%| O|  |TAMS 0x0000000709c00000| PB 0x0000000709c00000| Untracked 
|   2|0x0000000709e00000, 0x0000000709ffffe8, 0x000000070a000000| 99%| O|  |TAMS 0x0000000709e00000| PB 0x0000000709e00000| Untracked 
|   3|0x000000070a000000, 0x000000070a1ffff0, 0x000000070a200000| 99%| O|  |TAMS 0x000000070a000000| PB 0x000000070a000000| Untracked 
|   4|0x000000070a200000, 0x000000070a400000, 0x000000070a400000|100%| O|  |TAMS 0x000000070a200000| PB 0x000000070a200000| Untracked 
|   5|0x000000070a400000, 0x000000070a5ffff8, 0x000000070a600000| 99%| O|  |TAMS 0x000000070a400000| PB 0x000000070a400000| Untracked 
|   6|0x000000070a600000, 0x000000070a79fef8, 0x000000070a800000| 81%| O|  |TAMS 0x000000070a600000| PB 0x000000070a600000| Untracked 
|   7|0x000000070a800000, 0x000000070a9dda10, 0x000000070aa00000| 93%| O|  |TAMS 0x000000070a800000| PB 0x000000070a800000| Untracked 
|   8|0x000000070aa00000, 0x000000070ac00000, 0x000000070ac00000|100%| O|  |TAMS 0x000000070aa00000| PB 0x000000070aa00000| Untracked 
|   9|0x000000070ac00000, 0x000000070ae00000, 0x000000070ae00000|100%| O|  |TAMS 0x000000070ac00000| PB 0x000000070ac00000| Untracked 
|  10|0x000000070ae00000, 0x000000070ae9c108, 0x000000070b000000| 30%| O|CS|TAMS 0x000000070ae00000| PB 0x000000070ae00000| Complete 
|  11|0x000000070b000000, 0x000000070b05ea40, 0x000000070b200000| 18%| O|  |TAMS 0x000000070b000000| PB 0x000000070b000000| Untracked 
|  12|0x000000070b200000, 0x000000070b400000, 0x000000070b400000|100%| O|  |TAMS 0x000000070b200000| PB 0x000000070b200000| Untracked 
|  13|0x000000070b400000, 0x000000070b400000, 0x000000070b600000|  0%| F|  |TAMS 0x000000070b400000| PB 0x000000070b400000| Untracked 
|  14|0x000000070b600000, 0x000000070b600000, 0x000000070b800000|  0%| F|  |TAMS 0x000000070b600000| PB 0x000000070b600000| Untracked 
|  15|0x000000070b800000, 0x000000070b800000, 0x000000070ba00000|  0%| F|  |TAMS 0x000000070b800000| PB 0x000000070b800000| Untracked 
|  16|0x000000070ba00000, 0x000000070ba00000, 0x000000070bc00000|  0%| F|  |TAMS 0x000000070ba00000| PB 0x000000070ba00000| Untracked 
|  17|0x000000070bc00000, 0x000000070bc2bfe0, 0x000000070be00000|  8%| S|  |TAMS 0x000000070bc00000| PB 0x000000070bc00000| Complete 
|  18|0x000000070be00000, 0x000000070be36db0, 0x000000070c000000| 10%| E|CS|TAMS 0x000000070be00000| PB 0x000000070be00000| Complete 
|  19|0x000000070c000000, 0x000000070c200000, 0x000000070c200000|100%| E|CS|TAMS 0x000000070c000000| PB 0x000000070c000000| Complete 
|  20|0x000000070c200000, 0x000000070c400000, 0x000000070c400000|100%| E|CS|TAMS 0x000000070c200000| PB 0x000000070c200000| Complete 
|  21|0x000000070c400000, 0x000000070c600000, 0x000000070c600000|100%| E|CS|TAMS 0x000000070c400000| PB 0x000000070c400000| Complete 
|  22|0x000000070c600000, 0x000000070c800000, 0x000000070c800000|100%| E|CS|TAMS 0x000000070c600000| PB 0x000000070c600000| Complete 
|  23|0x000000070c800000, 0x000000070ca00000, 0x000000070ca00000|100%| E|CS|TAMS 0x000000070c800000| PB 0x000000070c800000| Complete 
|  24|0x000000070ca00000, 0x000000070cc00000, 0x000000070cc00000|100%| E|CS|TAMS 0x000000070ca00000| PB 0x000000070ca00000| Complete 
|  25|0x000000070cc00000, 0x000000070ce00000, 0x000000070ce00000|100%| E|CS|TAMS 0x000000070cc00000| PB 0x000000070cc00000| Complete 
|  26|0x000000070ce00000, 0x000000070d000000, 0x000000070d000000|100%| E|CS|TAMS 0x000000070ce00000| PB 0x000000070ce00000| Complete 
|  27|0x000000070d000000, 0x000000070d200000, 0x000000070d200000|100%| E|CS|TAMS 0x000000070d000000| PB 0x000000070d000000| Complete 
|  28|0x000000070d200000, 0x000000070d400000, 0x000000070d400000|100%| E|CS|TAMS 0x000000070d200000| PB 0x000000070d200000| Complete 
|  29|0x000000070d400000, 0x000000070d600000, 0x000000070d600000|100%| E|CS|TAMS 0x000000070d400000| PB 0x000000070d400000| Complete 
|  30|0x000000070d600000, 0x000000070d800000, 0x000000070d800000|100%| E|CS|TAMS 0x000000070d600000| PB 0x000000070d600000| Complete 
|  31|0x000000070d800000, 0x000000070da00000, 0x000000070da00000|100%| E|CS|TAMS 0x000000070d800000| PB 0x000000070d800000| Complete 
|  32|0x000000070da00000, 0x000000070dc00000, 0x000000070dc00000|100%| E|CS|TAMS 0x000000070da00000| PB 0x000000070da00000| Complete 
|  33|0x000000070dc00000, 0x000000070de00000, 0x000000070de00000|100%| E|CS|TAMS 0x000000070dc00000| PB 0x000000070dc00000| Complete 
|  34|0x000000070de00000, 0x000000070e000000, 0x000000070e000000|100%| E|CS|TAMS 0x000000070de00000| PB 0x000000070de00000| Complete 
|  35|0x000000070e000000, 0x000000070e200000, 0x000000070e200000|100%| E|CS|TAMS 0x000000070e000000| PB 0x000000070e000000| Complete 
|  36|0x000000070e200000, 0x000000070e400000, 0x000000070e400000|100%| E|CS|TAMS 0x000000070e200000| PB 0x000000070e200000| Complete 
|  37|0x000000070e400000, 0x000000070e600000, 0x000000070e600000|100%| E|CS|TAMS 0x000000070e400000| PB 0x000000070e400000| Complete 
|  38|0x000000070e600000, 0x000000070e800000, 0x000000070e800000|100%| E|CS|TAMS 0x000000070e600000| PB 0x000000070e600000| Complete 
|  39|0x000000070e800000, 0x000000070ea00000, 0x000000070ea00000|100%| E|CS|TAMS 0x000000070e800000| PB 0x000000070e800000| Complete 
|  40|0x000000070ea00000, 0x000000070ec00000, 0x000000070ec00000|100%| E|CS|TAMS 0x000000070ea00000| PB 0x000000070ea00000| Complete 
|  41|0x000000070ec00000, 0x000000070ee00000, 0x000000070ee00000|100%| E|CS|TAMS 0x000000070ec00000| PB 0x000000070ec00000| Complete 
|  42|0x000000070ee00000, 0x000000070f000000, 0x000000070f000000|100%| E|CS|TAMS 0x000000070ee00000| PB 0x000000070ee00000| Complete 
|  75|0x0000000713000000, 0x0000000713200000, 0x0000000713200000|100%| E|CS|TAMS 0x0000000713000000| PB 0x0000000713000000| Complete 

Card table byte_map: [0x0000017ce43c0000,0x0000017ce4b80000] _byte_map_base: 0x0000017ce0b73000

Marking Bits: (CMBitMap*) 0x0000017cdce29960
 Bits: [0x0000017ce4b80000, 0x0000017ce8918000)

Polling page: 0x0000017cdacf0000

Metaspace:

Usage:
  Non-class:     45.00 MB used.
      Class:      6.42 MB used.
       Both:     51.41 MB used.

Virtual space:
  Non-class space:       64.00 MB reserved,      45.38 MB ( 71%) committed,  1 nodes.
      Class space:        1.00 GB reserved,       6.69 MB ( <1%) committed,  1 nodes.
             Both:        1.06 GB reserved,      52.06 MB (  5%) committed. 

Chunk freelists:
   Non-Class:  2.72 MB
       Class:  9.18 MB
        Both:  11.89 MB

MaxMetaspaceSize: unlimited
CompressedClassSpaceSize: 1.00 GB
Initial GC threshold: 21.00 MB
Current GC threshold: 86.81 MB
CDS: off
 - commit_granule_bytes: 65536.
 - commit_granule_words: 8192.
 - virtual_space_node_default_size: 8388608.
 - enlarge_chunks_in_place: 1.
 - use_allocation_guard: 0.


Internal statistics:

num_allocs_failed_limit: 6.
num_arena_births: 1334.
num_arena_deaths: 626.
num_vsnodes_births: 2.
num_vsnodes_deaths: 0.
num_space_committed: 833.
num_space_uncommitted: 0.
num_chunks_returned_to_freelist: 785.
num_chunks_taken_from_freelist: 3085.
num_chunk_merges: 183.
num_chunk_splits: 1699.
num_chunks_enlarged: 1106.
num_inconsistent_stats: 0.

CodeCache: size=49152Kb used=13504Kb max_used=15554Kb free=35647Kb
 bounds [0x0000017ce08d0000, 0x0000017ce1810000, 0x0000017ce38d0000]
 total_blobs=7364 nmethods=6754 adapters=534
 compilation: enabled
              stopped_count=0, restarted_count=0
 full_count=0

Compilation events (20 events):
Event: 2701.259 Thread 0x0000017ceb65c4a0 7930       1       java.net.SocketImpl::<init> (5 bytes)
Event: 2701.260 Thread 0x0000017ceb65c4a0 nmethod 7930 0x0000017ce0bf6e10 code [0x0000017ce0bf6fa0, 0x0000017ce0bf7068]
Event: 2724.262 Thread 0x0000017ceb65c4a0 7931       1       java.io.DataInputStream::readInt (19 bytes)
Event: 2724.263 Thread 0x0000017ceb65c4a0 nmethod 7931 0x0000017ce0e9d810 code [0x0000017ce0e9d9c0, 0x0000017ce0e9db78]
Event: 2761.262 Thread 0x0000017ceb65c4a0 7932       1       sun.rmi.transport.StreamRemoteCall::getInputStream (60 bytes)
Event: 2761.263 Thread 0x0000017ceb65c4a0 nmethod 7932 0x0000017ce0a54610 code [0x0000017ce0a54880, 0x0000017ce0a54f70]
Event: 2800.000 Thread 0x0000017ceb65c4a0 7934  s!   1       org.apache.catalina.core.ContainerBase::backgroundProcess (172 bytes)
Event: 2800.001 Thread 0x0000017ceb65c4a0 nmethod 7934 0x0000017ce0ef9d10 code [0x0000017ce0ef9fa0, 0x0000017ce0efaad8]
Event: 2800.001 Thread 0x0000017ceb65c4a0 7933   !   1       org.apache.catalina.core.ContainerBase$ContainerBackgroundProcessor::processChildren (202 bytes)
Event: 2800.001 Thread 0x0000017ceb65c4a0 nmethod 7933 0x0000017ce14e4190 code [0x0000017ce14e44c0, 0x0000017ce14e5588]
Event: 2800.001 Thread 0x0000017ceb65c4a0 7935       1       org.apache.catalina.core.StandardPipeline::getFirst (17 bytes)
Event: 2800.002 Thread 0x0000017ceb65c4a0 nmethod 7935 0x0000017ce0c02410 code [0x0000017ce0c025a0, 0x0000017ce0c026a8]
Event: 2873.075 Thread 0x0000017ceb65c4a0 7936       1       org.springframework.boot.devtools.filewatch.DirectorySnapshot::getDirectory (5 bytes)
Event: 2873.075 Thread 0x0000017ceb65c4a0 nmethod 7936 0x0000017ce0c1f110 code [0x0000017ce0c1f2a0, 0x0000017ce0c1f370]
Event: 2881.268 Thread 0x0000017ceb65c4a0 7937       1       java.io.DataOutputStream::writeUTF (389 bytes)
Event: 2881.269 Thread 0x0000017ceb65c4a0 nmethod 7937 0x0000017ce1348d10 code [0x0000017ce1348f60, 0x0000017ce1349b78]
Event: 3024.263 Thread 0x0000017ceb65c4a0 7938       1       sun.rmi.transport.tcp.TCPConnection::getInputStream (30 bytes)
Event: 3024.264 Thread 0x0000017ceb65c4a0 nmethod 7938 0x0000017ce0c21e90 code [0x0000017ce0c22040, 0x0000017ce0c22250]
Event: 3090.248 Thread 0x0000017ceb65c4a0 7939       1       org.apache.catalina.core.StandardContext::getThreadBindingListener (5 bytes)
Event: 3090.248 Thread 0x0000017ceb65c4a0 nmethod 7939 0x0000017ce0c27010 code [0x0000017ce0c271a0, 0x0000017ce0c27270]

GC Heap History (20 events):
Event: 2099.602 GC heap after
{Heap after GC invocations=30 (full 2):
 garbage-first heap   total 55296K, used 23191K [0x0000000709a00000, 0x0000000800000000)
  region size 2048K, 2 young (4096K), 2 survivors (4096K)
 Metaspace       used 49386K, committed 49984K, reserved 1114112K
  class space    used 6134K, committed 6400K, reserved 1048576K
}
Event: 2099.629 GC heap before
{Heap before GC invocations=30 (full 2):
 garbage-first heap   total 55296K, used 25239K [0x0000000709a00000, 0x0000000800000000)
  region size 2048K, 4 young (8192K), 2 survivors (4096K)
 Metaspace       used 50292K, committed 50880K, reserved 1114112K
  class space    used 6237K, committed 6528K, reserved 1048576K
}
Event: 2099.631 GC heap after
{Heap after GC invocations=31 (full 2):
 garbage-first heap   total 55296K, used 22501K [0x0000000709a00000, 0x0000000800000000)
  region size 2048K, 1 young (2048K), 1 survivors (2048K)
 Metaspace       used 50292K, committed 50880K, reserved 1114112K
  class space    used 6237K, committed 6528K, reserved 1048576K
}
Event: 2124.314 GC heap before
{Heap before GC invocations=32 (full 2):
 garbage-first heap   total 55296K, used 42981K [0x0000000709a00000, 0x0000000800000000)
  region size 2048K, 12 young (24576K), 1 survivors (2048K)
 Metaspace       used 52637K, committed 53184K, reserved 1114112K
  class space    used 6569K, committed 6848K, reserved 1048576K
}
Event: 2124.316 GC heap after
{Heap after GC invocations=33 (full 2):
 garbage-first heap   total 55296K, used 23899K [0x0000000709a00000, 0x0000000800000000)
  region size 2048K, 2 young (4096K), 2 survivors (4096K)
 Metaspace       used 52637K, committed 53184K, reserved 1114112K
  class space    used 6569K, committed 6848K, reserved 1048576K
}
Event: 2124.472 GC heap before
{Heap before GC invocations=33 (full 2):
 garbage-first heap   total 55296K, used 44379K [0x0000000709a00000, 0x0000000800000000)
  region size 2048K, 12 young (24576K), 2 survivors (4096K)
 Metaspace       used 52644K, committed 53248K, reserved 1114112K
  class space    used 6570K, committed 6848K, reserved 1048576K
}
Event: 2124.474 GC heap after
{Heap after GC invocations=34 (full 2):
 garbage-first heap   total 55296K, used 24587K [0x0000000709a00000, 0x0000000800000000)
  region size 2048K, 2 young (4096K), 2 survivors (4096K)
 Metaspace       used 52644K, committed 53248K, reserved 1114112K
  class space    used 6570K, committed 6848K, reserved 1048576K
}
Event: 2182.870 GC heap before
{Heap before GC invocations=34 (full 2):
 garbage-first heap   total 55296K, used 45067K [0x0000000709a00000, 0x0000000800000000)
  region size 2048K, 12 young (24576K), 2 survivors (4096K)
 Metaspace       used 52697K, committed 53312K, reserved 1114112K
  class space    used 6578K, committed 6848K, reserved 1048576K
}
Event: 2182.872 GC heap after
{Heap after GC invocations=35 (full 2):
 garbage-first heap   total 55296K, used 24736K [0x0000000709a00000, 0x0000000800000000)
  region size 2048K, 2 young (4096K), 2 survivors (4096K)
 Metaspace       used 52697K, committed 53312K, reserved 1114112K
  class space    used 6578K, committed 6848K, reserved 1048576K
}
Event: 2291.667 GC heap before
{Heap before GC invocations=35 (full 2):
 garbage-first heap   total 55296K, used 43168K [0x0000000709a00000, 0x0000000800000000)
  region size 2048K, 11 young (22528K), 2 survivors (4096K)
 Metaspace       used 52697K, committed 53312K, reserved 1114112K
  class space    used 6578K, committed 6848K, reserved 1048576K
}
Event: 2291.668 GC heap after
{Heap after GC invocations=36 (full 2):
 garbage-first heap   total 55296K, used 23869K [0x0000000709a00000, 0x0000000800000000)
  region size 2048K, 1 young (2048K), 1 survivors (2048K)
 Metaspace       used 52697K, committed 53312K, reserved 1114112K
  class space    used 6578K, committed 6848K, reserved 1048576K
}
Event: 2399.410 GC heap before
{Heap before GC invocations=37 (full 2):
 garbage-first heap   total 55296K, used 46397K [0x0000000709a00000, 0x0000000800000000)
  region size 2048K, 12 young (24576K), 1 survivors (2048K)
 Metaspace       used 52546K, committed 53312K, reserved 1114112K
  class space    used 6546K, committed 6848K, reserved 1048576K
}
Event: 2399.412 GC heap after
{Heap after GC invocations=38 (full 2):
 garbage-first heap   total 55296K, used 24625K [0x0000000709a00000, 0x0000000800000000)
  region size 2048K, 1 young (2048K), 1 survivors (2048K)
 Metaspace       used 52546K, committed 53312K, reserved 1114112K
  class space    used 6546K, committed 6848K, reserved 1048576K
}
Event: 2399.657 GC heap before
{Heap before GC invocations=38 (full 2):
 garbage-first heap   total 55296K, used 45105K [0x0000000709a00000, 0x0000000800000000)
  region size 2048K, 12 young (24576K), 1 survivors (2048K)
 Metaspace       used 52626K, committed 53312K, reserved 1114112K
  class space    used 6567K, committed 6848K, reserved 1048576K
}
Event: 2399.660 GC heap after
{Heap after GC invocations=39 (full 2):
 garbage-first heap   total 55296K, used 22639K [0x0000000709a00000, 0x0000000800000000)
  region size 2048K, 2 young (4096K), 2 survivors (4096K)
 Metaspace       used 52626K, committed 53312K, reserved 1114112K
  class space    used 6567K, committed 6848K, reserved 1048576K
}
Event: 2523.561 GC heap before
{Heap before GC invocations=39 (full 2):
 garbage-first heap   total 55296K, used 45167K [0x0000000709a00000, 0x0000000800000000)
  region size 2048K, 13 young (26624K), 2 survivors (4096K)
 Metaspace       used 52643K, committed 53312K, reserved 1114112K
  class space    used 6570K, committed 6848K, reserved 1048576K
}
Event: 2523.563 GC heap after
{Heap after GC invocations=40 (full 2):
 garbage-first heap   total 155648K, used 23281K [0x0000000709a00000, 0x0000000800000000)
  region size 2048K, 1 young (2048K), 1 survivors (2048K)
 Metaspace       used 52643K, committed 53312K, reserved 1114112K
  class space    used 6570K, committed 6848K, reserved 1048576K
}
Event: 2827.144 GC heap before
{Heap before GC invocations=41 (full 2):
 garbage-first heap   total 90112K, used 74481K [0x0000000709a00000, 0x0000000800000000)
  region size 2048K, 26 young (53248K), 1 survivors (2048K)
 Metaspace       used 52643K, committed 53312K, reserved 1114112K
  class space    used 6570K, committed 6848K, reserved 1048576K
}
Event: 2827.144 GC heap after
{Heap after GC invocations=42 (full 2):
 garbage-first heap   total 90112K, used 22844K [0x0000000709a00000, 0x0000000800000000)
  region size 2048K, 1 young (2048K), 1 survivors (2048K)
 Metaspace       used 52643K, committed 53312K, reserved 1114112K
  class space    used 6570K, committed 6848K, reserved 1048576K
}
Event: 3127.574 GC heap before
{Heap before GC invocations=42 (full 2):
 garbage-first heap   total 90112K, used 74044K [0x0000000709a00000, 0x0000000800000000)
  region size 2048K, 26 young (53248K), 1 survivors (2048K)
 Metaspace       used 52648K, committed 53312K, reserved 1114112K
  class space    used 6571K, committed 6848K, reserved 1048576K
}

Dll operation events (12 events):
Event: 0.005 Loaded shared library C:\Users\Thais Rodrigues\Downloads\sts-4.25.0.RELEASE\plugins\org.eclipse.justj.openjdk.hotspot.jre.full.win32.x86_64_21.0.4.v20240802-1551\jre\bin\java.dll
Event: 0.009 Loaded shared library C:\Users\Thais Rodrigues\Downloads\sts-4.25.0.RELEASE\plugins\org.eclipse.justj.openjdk.hotspot.jre.full.win32.x86_64_21.0.4.v20240802-1551\jre\bin\zip.dll
Event: 0.261 Loaded shared library C:\Users\Thais Rodrigues\Downloads\sts-4.25.0.RELEASE\plugins\org.eclipse.justj.openjdk.hotspot.jre.full.win32.x86_64_21.0.4.v20240802-1551\jre\bin\instrument.dll
Event: 0.269 Loaded shared library C:\Users\Thais Rodrigues\Downloads\sts-4.25.0.RELEASE\plugins\org.eclipse.justj.openjdk.hotspot.jre.full.win32.x86_64_21.0.4.v20240802-1551\jre\bin\net.dll
Event: 0.270 Loaded shared library C:\Users\Thais Rodrigues\Downloads\sts-4.25.0.RELEASE\plugins\org.eclipse.justj.openjdk.hotspot.jre.full.win32.x86_64_21.0.4.v20240802-1551\jre\bin\nio.dll
Event: 0.275 Loaded shared library C:\Users\Thais Rodrigues\Downloads\sts-4.25.0.RELEASE\plugins\org.eclipse.justj.openjdk.hotspot.jre.full.win32.x86_64_21.0.4.v20240802-1551\jre\bin\zip.dll
Event: 0.366 Loaded shared library C:\Users\Thais Rodrigues\Downloads\sts-4.25.0.RELEASE\plugins\org.eclipse.justj.openjdk.hotspot.jre.full.win32.x86_64_21.0.4.v20240802-1551\jre\bin\jimage.dll
Event: 0.401 Loaded shared library C:\Users\Thais Rodrigues\Downloads\sts-4.25.0.RELEASE\plugins\org.eclipse.justj.openjdk.hotspot.jre.full.win32.x86_64_21.0.4.v20240802-1551\jre\bin\management.dll
Event: 0.409 Loaded shared library C:\Users\Thais Rodrigues\Downloads\sts-4.25.0.RELEASE\plugins\org.eclipse.justj.openjdk.hotspot.jre.full.win32.x86_64_21.0.4.v20240802-1551\jre\bin\management_ext.dll
Event: 0.553 Loaded shared library C:\Users\Thais Rodrigues\Downloads\sts-4.25.0.RELEASE\plugins\org.eclipse.justj.openjdk.hotspot.jre.full.win32.x86_64_21.0.4.v20240802-1551\jre\bin\extnet.dll
Event: 0.572 Loaded shared library C:\Users\Thais Rodrigues\Downloads\sts-4.25.0.RELEASE\plugins\org.eclipse.justj.openjdk.hotspot.jre.full.win32.x86_64_21.0.4.v20240802-1551\jre\bin\verify.dll
Event: 1.381 Loaded shared library C:\Users\Thais Rodrigues\Downloads\sts-4.25.0.RELEASE\plugins\org.eclipse.justj.openjdk.hotspot.jre.full.win32.x86_64_21.0.4.v20240802-1551\jre\bin\sunmscapi.dll

Deoptimization events (20 events):
Event: 2424.261 Thread 0x0000017cf22616a0 DEOPT PACKING pc=0x0000017ce0a4f474 sp=0x00000026789fd3b0
Event: 2424.261 Thread 0x0000017cf22616a0 DEOPT UNPACKING pc=0x0000017ce0924e42 sp=0x00000026789fc918 mode 1
Event: 2424.261 Thread 0x0000017cf22616a0 DEOPT PACKING pc=0x0000017ce140af9c sp=0x00000026789fcd80
Event: 2424.261 Thread 0x0000017cf22616a0 DEOPT UNPACKING pc=0x0000017ce0924e42 sp=0x00000026789fc2e8 mode 1
Event: 2424.261 Thread 0x0000017cf22616a0 DEOPT PACKING pc=0x0000017ce0a4f474 sp=0x00000026789fcdf0
Event: 2424.261 Thread 0x0000017cf22616a0 DEOPT UNPACKING pc=0x0000017ce0924e42 sp=0x00000026789fc358 mode 1
Event: 2424.261 Thread 0x0000017cf22616a0 DEOPT PACKING pc=0x0000017ce0a4f474 sp=0x00000026789fcdf0
Event: 2424.261 Thread 0x0000017cf22616a0 DEOPT UNPACKING pc=0x0000017ce0924e42 sp=0x00000026789fc358 mode 1
Event: 2424.261 Thread 0x0000017cf22616a0 DEOPT PACKING pc=0x0000017ce0a4f474 sp=0x00000026789fcdf0
Event: 2424.261 Thread 0x0000017cf22616a0 DEOPT UNPACKING pc=0x0000017ce0924e42 sp=0x00000026789fc358 mode 1
Event: 2424.261 Thread 0x0000017cf22616a0 DEOPT PACKING pc=0x0000017ce0a4f474 sp=0x00000026789fcdf0
Event: 2424.261 Thread 0x0000017cf22616a0 DEOPT UNPACKING pc=0x0000017ce0924e42 sp=0x00000026789fc358 mode 1
Event: 2424.261 Thread 0x0000017cf22616a0 DEOPT PACKING pc=0x0000017ce0a4f474 sp=0x00000026789fcdf0
Event: 2424.261 Thread 0x0000017cf22616a0 DEOPT UNPACKING pc=0x0000017ce0924e42 sp=0x00000026789fc358 mode 1
Event: 2424.261 Thread 0x0000017cf22616a0 DEOPT PACKING pc=0x0000017ce0a4f474 sp=0x00000026789fcdf0
Event: 2424.261 Thread 0x0000017cf22616a0 DEOPT UNPACKING pc=0x0000017ce0924e42 sp=0x00000026789fc358 mode 1
Event: 2424.261 Thread 0x0000017cf22616a0 DEOPT PACKING pc=0x0000017ce0a4f474 sp=0x00000026789fcdf0
Event: 2424.261 Thread 0x0000017cf22616a0 DEOPT UNPACKING pc=0x0000017ce0924e42 sp=0x00000026789fc358 mode 1
Event: 2872.306 Thread 0x0000017cf222d250 DEOPT PACKING pc=0x0000017ce0c7cf94 sp=0x00000026780fd900
Event: 2872.306 Thread 0x0000017cf222d250 DEOPT UNPACKING pc=0x0000017ce0924e42 sp=0x00000026780fcdb8 mode 0

Classes loaded (20 events):
Event: 2124.598 Loading class sun/security/ssl/PreSharedKeyExtension$CHPreSharedKeySpec
Event: 2124.599 Loading class sun/security/ssl/PreSharedKeyExtension$CHPreSharedKeySpec done
Event: 2124.599 Loading class sun/security/ssl/PreSharedKeyExtension$PartialClientHelloMessage
Event: 2124.599 Loading class sun/security/ssl/PreSharedKeyExtension$PartialClientHelloMessage done
Event: 2124.599 Loading class sun/security/ssl/SSLEngineOutputRecord
Event: 2124.599 Loading class sun/security/ssl/SSLEngineOutputRecord done
Event: 2124.599 Loading class sun/security/ssl/SSLEngineOutputRecord$HandshakeFragment
Event: 2124.599 Loading class sun/security/ssl/SSLEngineOutputRecord$HandshakeFragment done
Event: 2124.599 Loading class sun/security/ssl/SSLEngineOutputRecord$HandshakeMemo
Event: 2124.599 Loading class sun/security/ssl/SSLEngineOutputRecord$RecordMemo
Event: 2124.600 Loading class sun/security/ssl/SSLEngineOutputRecord$RecordMemo done
Event: 2124.600 Loading class sun/security/ssl/SSLEngineOutputRecord$HandshakeMemo done
Event: 2124.609 Loading class sun/net/ConnectionResetException
Event: 2124.609 Loading class sun/net/ConnectionResetException done
Event: 2124.610 Loading class javax/crypto/AEADBadTagException
Event: 2124.610 Loading class javax/crypto/BadPaddingException
Event: 2124.610 Loading class javax/crypto/BadPaddingException done
Event: 2124.610 Loading class javax/crypto/AEADBadTagException done
Event: 2124.610 Loading class javax/net/ssl/SSLHandshakeException
Event: 2124.610 Loading class javax/net/ssl/SSLHandshakeException done

Classes unloaded (20 events):
Event: 2291.677 Thread 0x0000017ceb5c8480 Unloading class 0x00000008004ba400 'jdk/internal/reflect/GeneratedSerializationConstructorAccessor35'
Event: 2291.677 Thread 0x0000017ceb5c8480 Unloading class 0x00000008004bb000 'jdk/internal/reflect/GeneratedSerializationConstructorAccessor34'
Event: 2291.677 Thread 0x0000017ceb5c8480 Unloading class 0x00000008004c1800 'java/lang/invoke/LambdaForm$MH+0x00000008004c1800'
Event: 2291.677 Thread 0x0000017ceb5c8480 Unloading class 0x00000008004fc800 'jdk/internal/reflect/GeneratedSerializationConstructorAccessor31'
Event: 2291.677 Thread 0x0000017ceb5c8480 Unloading class 0x0000000800538400 'jdk/internal/reflect/GeneratedSerializationConstructorAccessor29'
Event: 2291.677 Thread 0x0000017ceb5c8480 Unloading class 0x00000008005b0c00 'jdk/internal/reflect/GeneratedSerializationConstructorAccessor28'
Event: 2291.677 Thread 0x0000017ceb5c8480 Unloading class 0x0000000800618800 'jdk/internal/reflect/GeneratedSerializationConstructorAccessor25'
Event: 2291.677 Thread 0x0000017ceb5c8480 Unloading class 0x0000000800633800 'jdk/internal/reflect/GeneratedSerializationConstructorAccessor23'
Event: 2291.677 Thread 0x0000017ceb5c8480 Unloading class 0x0000000800635400 'java/lang/invoke/LambdaForm$MH+0x0000000800635400'
Event: 2291.677 Thread 0x0000017ceb5c8480 Unloading class 0x0000000800635000 'java/lang/invoke/LambdaForm$DMH+0x0000000800635000'
Event: 2291.677 Thread 0x0000017ceb5c8480 Unloading class 0x000000080062c000 'jdk/internal/reflect/GeneratedSerializationConstructorAccessor20'
Event: 2291.677 Thread 0x0000017ceb5c8480 Unloading class 0x00000008004c0400 'java/lang/invoke/LambdaForm$MH+0x00000008004c0400'
Event: 2291.677 Thread 0x0000017ceb5c8480 Unloading class 0x00000008004b9000 'java/lang/invoke/LambdaForm$MH+0x00000008004b9000'
Event: 2291.677 Thread 0x0000017ceb5c8480 Unloading class 0x00000008004b8000 'java/lang/invoke/LambdaForm$DMH+0x00000008004b8000'
Event: 2291.677 Thread 0x0000017ceb5c8480 Unloading class 0x000000080041c000 'java/lang/invoke/LambdaForm$DMH+0x000000080041c000'
Event: 2291.677 Thread 0x0000017ceb5c8480 Unloading class 0x0000000800304400 'jdk/internal/reflect/GeneratedSerializationConstructorAccessor10'
Event: 2291.677 Thread 0x0000017ceb5c8480 Unloading class 0x0000000800304000 'jdk/internal/reflect/GeneratedSerializationConstructorAccessor9'
Event: 2291.677 Thread 0x0000017ceb5c8480 Unloading class 0x0000000800214c00 'java/lang/invoke/LambdaForm$MH+0x0000000800214c00'
Event: 2291.677 Thread 0x0000017ceb5c8480 Unloading class 0x0000000800214800 'java/lang/invoke/LambdaForm$MH+0x0000000800214800'
Event: 2291.677 Thread 0x0000017ceb5c8480 Unloading class 0x000000080014ac00 'java/lang/invoke/LambdaForm$MH+0x000000080014ac00'

Classes redefined (0 events):
No events

Internal exceptions (20 events):
Event: 2124.608 Thread 0x0000017cf0f763b0 Exception <a 'java/lang/InterruptedException'{0x000000070c90b4a8}: sleep interrupted> (0x000000070c90b4a8) 
thrown [s\src\hotspot\share\prims\jvm.cpp, line 3074]
Event: 2124.609 Thread 0x0000017cf0f77760 Exception <a 'java/io/IOException'{0x000000070c621f18}> (0x000000070c621f18) 
thrown [s\src\hotspot\share\prims\jni.cpp, line 520]
Event: 2124.609 Thread 0x0000017cf222f9b0 Exception <a 'java/io/IOException'{0x000000070c6b1d88}> (0x000000070c6b1d88) 
thrown [s\src\hotspot\share\prims\jni.cpp, line 520]
Event: 2124.609 Thread 0x0000017cf0f74970 Exception <a 'java/io/IOException'{0x000000070c61bba0}> (0x000000070c61bba0) 
thrown [s\src\hotspot\share\prims\jni.cpp, line 520]
Event: 2124.610 Thread 0x0000017cf222f9b0 Exception <a 'java/lang/InterruptedException'{0x000000070c6b4138}: sleep interrupted> (0x000000070c6b4138) 
thrown [s\src\hotspot\share\prims\jvm.cpp, line 3052]
Event: 2124.610 Thread 0x0000017cf0f74970 Exception <a 'java/lang/InterruptedException'{0x000000070c61d1e8}: sleep interrupted> (0x000000070c61d1e8) 
thrown [s\src\hotspot\share\prims\jvm.cpp, line 3052]
Event: 2124.610 Thread 0x0000017cf0f77760 Exception <a 'java/lang/InterruptedException'{0x000000070c623e98}: sleep interrupted> (0x000000070c623e98) 
thrown [s\src\hotspot\share\prims\jvm.cpp, line 3052]
Event: 2124.612 Thread 0x0000017cf0f770d0 Exception <a 'java/lang/InterruptedException'{0x000000070c7134f8}: sleep interrupted> (0x000000070c7134f8) 
thrown [s\src\hotspot\share\prims\jvm.cpp, line 3074]
Event: 2124.616 Thread 0x0000017cf2128520 Exception <a 'java/lang/NoClassDefFoundError'{0x000000070c738b30}: jakarta/validation/ValidationException> (0x000000070c738b30) 
thrown [s\src\hotspot\share\classfile\systemDictionary.cpp, line 301]
Event: 2124.616 Thread 0x0000017cf2128520 Exception <a 'java/lang/NoClassDefFoundError'{0x000000070c73b180}: liquibase/exception/ChangeLogParseException> (0x000000070c73b180) 
thrown [s\src\hotspot\share\classfile\systemDictionary.cpp, line 301]
Event: 2124.617 Thread 0x0000017cf2128520 Exception <a 'java/lang/NoClassDefFoundError'{0x000000070c741a38}: org/springframework/jdbc/CannotGetJdbcConnectionException> (0x000000070c741a38) 
thrown [s\src\hotspot\share\classfile\systemDictionary.cpp, line 301]
Event: 2399.364 Thread 0x0000017cf222d250 Exception <a 'sun/nio/fs/WindowsException'{0x000000070bb00488}> (0x000000070bb00488) 
thrown [s\src\hotspot\share\prims\jni.cpp, line 520]
Event: 2399.604 Thread 0x0000017cf222d250 Exception <a 'java/lang/NoClassDefFoundError'{0x000000070be86388}: org/flywaydb/core/Flyway> (0x000000070be86388) 
thrown [s\src\hotspot\share\oops\constantPool.cpp, line 873]
Event: 2399.604 Thread 0x0000017cf222d250 Exception <a 'java/lang/NoClassDefFoundError'{0x000000070be869e8}: liquibase/integration/spring/SpringLiquibase> (0x000000070be869e8) 
thrown [s\src\hotspot\share\oops\constantPool.cpp, line 873]
Event: 2399.623 Thread 0x0000017cf222d250 Exception <a 'java/lang/NoSuchMethodError'{0x000000070bc353c0}: 'void java.lang.invoke.DelegatingMethodHandle$Holder.reinvoke_L(java.lang.Object, java.lang.Object, int)'> (0x000000070bc353c0) 
thrown [s\src\hotspot\share\interpreter\linkResolver.cpp, line 773]
Event: 2399.648 Thread 0x0000017cf222d250 Exception <a 'java/lang/NoSuchMethodError'{0x000000070bb5da48}: 'int java.lang.invoke.DirectMethodHandle$Holder.invokeVirtual(java.lang.Object, java.lang.Object, java.lang.Object, java.lang.Object)'> (0x000000070bb5da48) 
thrown [s\src\hotspot\share\interpreter\linkResolver.cpp, line 773]
Event: 2399.648 Thread 0x0000017cf222d250 Exception <a 'java/lang/NoSuchMethodError'{0x000000070bb61030}: 'int java.lang.invoke.DelegatingMethodHandle$Holder.reinvoke_L(java.lang.Object, java.lang.Object, java.lang.Object, java.lang.Object)'> (0x000000070bb61030) 
thrown [s\src\hotspot\share\interpreter\linkResolver.cpp, line 773]
Event: 2399.655 Thread 0x0000017cf222d250 Exception <a 'java/io/FileNotFoundException'{0x000000070bbb69f0}> (0x000000070bbb69f0) 
thrown [s\src\hotspot\share\prims\jni.cpp, line 520]
Event: 2399.668 Thread 0x0000017cf222d250 Exception <a 'java/io/FileNotFoundException'{0x000000070ceac718}> (0x000000070ceac718) 
thrown [s\src\hotspot\share\prims\jni.cpp, line 520]
Event: 2424.262 Thread 0x0000017cf22616a0 Exception <a 'java/lang/NoSuchMethodError'{0x000000070cb86ac8}: static [B.<clinit>()V> (0x000000070cb86ac8) 
thrown [s\src\hotspot\share\prims\jni.cpp, line 1111]

ZGC Phase Switch (0 events):
No events

VM Operations (20 events):
Event: 2709.361 Executing VM operation: get/set locals done
Event: 2709.361 Executing VM operation: get/set locals
Event: 2709.361 Executing VM operation: get/set locals done
Event: 2709.361 Executing VM operation: get/set locals
Event: 2709.361 Executing VM operation: get/set locals done
Event: 2709.362 Executing VM operation: get/set locals
Event: 2709.362 Executing VM operation: get/set locals done
Event: 2709.362 Executing VM operation: get/set locals
Event: 2709.362 Executing VM operation: get/set locals done
Event: 2810.385 Executing VM operation: Cleanup
Event: 2810.385 Executing VM operation: Cleanup done
Event: 2827.144 Executing VM operation: G1CollectForAllocation (G1 Evacuation Pause)
Event: 2827.145 Executing VM operation: G1CollectForAllocation (G1 Evacuation Pause) done
Event: 2872.306 Executing VM operation: ChangeSingleStep
Event: 2872.306 Executing VM operation: ChangeSingleStep done
Event: 2872.307 Executing VM operation: ChangeSingleStep
Event: 2872.307 Executing VM operation: ChangeSingleStep done
Event: 2941.964 Executing VM operation: Cleanup
Event: 2941.964 Executing VM operation: Cleanup done
Event: 3127.574 Executing VM operation: G1CollectForAllocation (G1 Evacuation Pause)

Memory protections (0 events):
No events

Nmethod flushes (20 events):
Event: 2291.681 Thread 0x0000017ceb5c8480 flushing  nmethod 0x0000017ce12b9710
Event: 2291.681 Thread 0x0000017ceb5c8480 flushing  nmethod 0x0000017ce12b9a10
Event: 2291.681 Thread 0x0000017ceb5c8480 flushing  nmethod 0x0000017ce12b9d10
Event: 2291.681 Thread 0x0000017ceb5c8480 flushing  nmethod 0x0000017ce12ba490
Event: 2291.681 Thread 0x0000017ceb5c8480 flushing  nmethod 0x0000017ce12bab90
Event: 2291.681 Thread 0x0000017ceb5c8480 flushing  nmethod 0x0000017ce12bae90
Event: 2291.681 Thread 0x0000017ceb5c8480 flushing  nmethod 0x0000017ce12bcd10
Event: 2291.681 Thread 0x0000017ceb5c8480 flushing  nmethod 0x0000017ce12bd210
Event: 2291.681 Thread 0x0000017ceb5c8480 flushing  nmethod 0x0000017ce12bdc10
Event: 2291.681 Thread 0x0000017ceb5c8480 flushing  nmethod 0x0000017ce12caa90
Event: 2291.681 Thread 0x0000017ceb5c8480 flushing  nmethod 0x0000017ce1302f10
Event: 2291.681 Thread 0x0000017ceb5c8480 flushing  nmethod 0x0000017ce1318a90
Event: 2291.681 Thread 0x0000017ceb5c8480 flushing  nmethod 0x0000017ce132ad10
Event: 2291.681 Thread 0x0000017ceb5c8480 flushing  nmethod 0x0000017ce140ef10
Event: 2523.574 Thread 0x0000017ceb5c8480 flushing  nmethod 0x0000017ce1240b90
Event: 2523.574 Thread 0x0000017ceb5c8480 flushing  nmethod 0x0000017ce0a53090
Event: 2523.574 Thread 0x0000017ceb5c8480 flushing  nmethod 0x0000017ce0ab2890
Event: 2523.574 Thread 0x0000017ceb5c8480 flushing  nmethod 0x0000017ce11f8b90
Event: 2523.574 Thread 0x0000017ceb5c8480 flushing  nmethod 0x0000017ce1005e90
Event: 2523.574 Thread 0x0000017ceb5c8480 flushing  nmethod 0x0000017ce0b75690

Events (20 events):
Event: 2124.612 Thread 0x0000017cf0f770d0 Thread exited: 0x0000017cf0f770d0
Event: 2124.612 Thread 0x0000017cf212ac80 Thread exited: 0x0000017cf212ac80
Event: 2124.612 Thread 0x0000017cf2129240 Thread exited: 0x0000017cf2129240
Event: 2124.618 Thread 0x0000017cf2128520 Thread exited: 0x0000017cf2128520
Event: 2124.619 Thread 0x0000017cf0f75000 Thread added: 0x0000017cf222df70
Event: 2124.664 Thread 0x0000017cf0f77df0 Thread exited: 0x0000017cf0f77df0
Event: 2124.668 Thread 0x0000017cf0f76a40 Thread exited: 0x0000017cf0f76a40
Event: 2124.668 Thread 0x0000017cf222d250 Thread exited: 0x0000017cf222d250
Event: 2125.281 Thread 0x0000017cf212a5f0 Thread exited: 0x0000017cf212a5f0
Event: 2125.281 Thread 0x0000017cf2129f60 Thread exited: 0x0000017cf2129f60
Event: 2130.185 Thread 0x0000017cf2437a80 Thread exited: 0x0000017cf2437a80
Event: 2204.280 Thread 0x0000017cf2260980 Thread exited: 0x0000017cf2260980
Event: 2204.280 Thread 0x0000017cf2128bb0 Thread exited: 0x0000017cf2128bb0
Event: 2204.280 Thread 0x0000017cf2263770 Thread exited: 0x0000017cf2263770
Event: 2399.345 Thread 0x0000017cf0f75000 Thread added: 0x0000017cf222d250
Event: 2399.418 Thread 0x0000017cf222d250 Thread added: 0x0000017cf222e600
Event: 2399.445 Thread 0x0000017cf222e600 Thread exited: 0x0000017cf222e600
Event: 2399.668 Thread 0x0000017cf222d250 Thread added: 0x0000017cf222e600
Event: 2399.668 Thread 0x0000017cf222d250 Thread added: 0x0000017cf222f320
Event: 2399.669 Thread 0x0000017cf222d250 Thread added: 0x0000017cf222f9b0


Dynamic libraries:
0x00007ff67aa40000 - 0x00007ff67aa4e000 	C:\Users\Thais Rodrigues\Downloads\sts-4.25.0.RELEASE\plugins\org.eclipse.justj.openjdk.hotspot.jre.full.win32.x86_64_21.0.4.v20240802-1551\jre\bin\javaw.exe
0x00007ffdfe550000 - 0x00007ffdfe745000 	C:\Windows\SYSTEM32\ntdll.dll
0x00007ffdfcc80000 - 0x00007ffdfcd3e000 	C:\Windows\System32\KERNEL32.DLL
0x00007ffdfc0b0000 - 0x00007ffdfc379000 	C:\Windows\System32\KERNELBASE.dll
0x00007ffdfbf50000 - 0x00007ffdfc050000 	C:\Windows\System32\ucrtbase.dll
0x00007ffde5e30000 - 0x00007ffde5e48000 	C:\Users\Thais Rodrigues\Downloads\sts-4.25.0.RELEASE\plugins\org.eclipse.justj.openjdk.hotspot.jre.full.win32.x86_64_21.0.4.v20240802-1551\jre\bin\jli.dll
0x00007ffde5e50000 - 0x00007ffde5e6b000 	C:\Users\Thais Rodrigues\Downloads\sts-4.25.0.RELEASE\plugins\org.eclipse.justj.openjdk.hotspot.jre.full.win32.x86_64_21.0.4.v20240802-1551\jre\bin\VCRUNTIME140.dll
0x00007ffdfcad0000 - 0x00007ffdfcc71000 	C:\Windows\System32\USER32.dll
0x00007ffdef4e0000 - 0x00007ffdef77a000 	C:\Windows\WinSxS\amd64_microsoft.windows.common-controls_6595b64144ccf1df_6.0.19041.1110_none_60b5254171f9507e\COMCTL32.dll
0x00007ffdfbc70000 - 0x00007ffdfbc92000 	C:\Windows\System32\win32u.dll
0x00007ffdfc5a0000 - 0x00007ffdfc5cb000 	C:\Windows\System32\GDI32.dll
0x00007ffdfdeb0000 - 0x00007ffdfdf4e000 	C:\Windows\System32\msvcrt.dll
0x00007ffdfc490000 - 0x00007ffdfc59b000 	C:\Windows\System32\gdi32full.dll
0x00007ffdfbeb0000 - 0x00007ffdfbf4d000 	C:\Windows\System32\msvcp_win.dll
0x00007ffdfdd90000 - 0x00007ffdfddc0000 	C:\Windows\System32\IMM32.DLL
0x00007ffde5e20000 - 0x00007ffde5e2c000 	C:\Users\Thais Rodrigues\Downloads\sts-4.25.0.RELEASE\plugins\org.eclipse.justj.openjdk.hotspot.jre.full.win32.x86_64_21.0.4.v20240802-1551\jre\bin\vcruntime140_1.dll
0x00007ffde4020000 - 0x00007ffde40ae000 	C:\Users\Thais Rodrigues\Downloads\sts-4.25.0.RELEASE\plugins\org.eclipse.justj.openjdk.hotspot.jre.full.win32.x86_64_21.0.4.v20240802-1551\jre\bin\msvcp140.dll
0x00007ffd7fa00000 - 0x00007ffd80788000 	C:\Users\Thais Rodrigues\Downloads\sts-4.25.0.RELEASE\plugins\org.eclipse.justj.openjdk.hotspot.jre.full.win32.x86_64_21.0.4.v20240802-1551\jre\bin\server\jvm.dll
0x00007ffdfdf50000 - 0x00007ffdfdffc000 	C:\Windows\System32\ADVAPI32.dll
0x00007ffdfe3e0000 - 0x00007ffdfe47b000 	C:\Windows\System32\sechost.dll
0x00007ffdfe060000 - 0x00007ffdfe18a000 	C:\Windows\System32\RPCRT4.dll
0x00007ffdfe480000 - 0x00007ffdfe4eb000 	C:\Windows\System32\WS2_32.dll
0x00007ffdf31a0000 - 0x00007ffdf31c7000 	C:\Windows\SYSTEM32\WINMM.dll
0x00007ffdfb9c0000 - 0x00007ffdfba0b000 	C:\Windows\SYSTEM32\POWRPROF.dll
0x00007ffdf3190000 - 0x00007ffdf319a000 	C:\Windows\SYSTEM32\VERSION.dll
0x00007ffdfb9a0000 - 0x00007ffdfb9b2000 	C:\Windows\SYSTEM32\UMPDC.dll
0x00007ffdf9b90000 - 0x00007ffdf9ba2000 	C:\Windows\SYSTEM32\kernel.appcore.dll
0x00007ffdec380000 - 0x00007ffdec38a000 	C:\Users\Thais Rodrigues\Downloads\sts-4.25.0.RELEASE\plugins\org.eclipse.justj.openjdk.hotspot.jre.full.win32.x86_64_21.0.4.v20240802-1551\jre\bin\jimage.dll
0x00007ffdeb3d0000 - 0x00007ffdeb5b4000 	C:\Windows\SYSTEM32\DBGHELP.DLL
0x00007ffdeb380000 - 0x00007ffdeb3ac000 	C:\Windows\SYSTEM32\dbgcore.DLL
0x00007ffdfc3d0000 - 0x00007ffdfc453000 	C:\Windows\System32\bcryptPrimitives.dll
0x00007ffde5d60000 - 0x00007ffde5d9c000 	C:\Users\Thais Rodrigues\Downloads\sts-4.25.0.RELEASE\plugins\org.eclipse.justj.openjdk.hotspot.jre.full.win32.x86_64_21.0.4.v20240802-1551\jre\bin\jdwp.dll
0x00007ffde5d50000 - 0x00007ffde5d5f000 	C:\Users\Thais Rodrigues\Downloads\sts-4.25.0.RELEASE\plugins\org.eclipse.justj.openjdk.hotspot.jre.full.win32.x86_64_21.0.4.v20240802-1551\jre\bin\instrument.dll
0x00007ffde3ec0000 - 0x00007ffde3edf000 	C:\Users\Thais Rodrigues\Downloads\sts-4.25.0.RELEASE\plugins\org.eclipse.justj.openjdk.hotspot.jre.full.win32.x86_64_21.0.4.v20240802-1551\jre\bin\java.dll
0x00007ffde3ea0000 - 0x00007ffde3eb8000 	C:\Users\Thais Rodrigues\Downloads\sts-4.25.0.RELEASE\plugins\org.eclipse.justj.openjdk.hotspot.jre.full.win32.x86_64_21.0.4.v20240802-1551\jre\bin\zip.dll
0x00007ffdfd590000 - 0x00007ffdfdccf000 	C:\Windows\System32\SHELL32.dll
0x00007ffdf9d90000 - 0x00007ffdfa520000 	C:\Windows\SYSTEM32\windows.storage.dll
0x00007ffdfd1c0000 - 0x00007ffdfd515000 	C:\Windows\System32\combase.dll
0x00007ffdfb5f0000 - 0x00007ffdfb61c000 	C:\Windows\SYSTEM32\Wldp.dll
0x00007ffdfdce0000 - 0x00007ffdfdd8e000 	C:\Windows\System32\SHCORE.dll
0x00007ffdfe000000 - 0x00007ffdfe055000 	C:\Windows\System32\shlwapi.dll
0x00007ffdfbbb0000 - 0x00007ffdfbbcf000 	C:\Windows\SYSTEM32\profapi.dll
0x00007ffde52c0000 - 0x00007ffde52cb000 	C:\Users\Thais Rodrigues\Downloads\sts-4.25.0.RELEASE\plugins\org.eclipse.justj.openjdk.hotspot.jre.full.win32.x86_64_21.0.4.v20240802-1551\jre\bin\dt_socket.dll
0x00007ffdfb040000 - 0x00007ffdfb07b000 	C:\Windows\SYSTEM32\IPHLPAPI.DLL
0x00007ffdfb350000 - 0x00007ffdfb3ba000 	C:\Windows\system32\mswsock.dll
0x00007ffdfb080000 - 0x00007ffdfb14c000 	C:\Windows\SYSTEM32\DNSAPI.dll
0x00007ffdfd520000 - 0x00007ffdfd528000 	C:\Windows\System32\NSI.dll
0x00007ffdf48a0000 - 0x00007ffdf48aa000 	C:\Windows\System32\rasadhlp.dll
0x00007ffdf53c0000 - 0x00007ffdf543f000 	C:\Windows\System32\fwpuclnt.dll
0x00007ffdfc460000 - 0x00007ffdfc487000 	C:\Windows\System32\bcrypt.dll
0x00007ffde5c50000 - 0x00007ffde5c60000 	C:\Users\Thais Rodrigues\Downloads\sts-4.25.0.RELEASE\plugins\org.eclipse.justj.openjdk.hotspot.jre.full.win32.x86_64_21.0.4.v20240802-1551\jre\bin\net.dll
0x00007ffdf6f50000 - 0x00007ffdf7058000 	C:\Windows\SYSTEM32\WINHTTP.dll
0x00007ffde36f0000 - 0x00007ffde3706000 	C:\Users\Thais Rodrigues\Downloads\sts-4.25.0.RELEASE\plugins\org.eclipse.justj.openjdk.hotspot.jre.full.win32.x86_64_21.0.4.v20240802-1551\jre\bin\nio.dll
0x00007ffde4a00000 - 0x00007ffde4a0a000 	C:\Users\Thais Rodrigues\Downloads\sts-4.25.0.RELEASE\plugins\org.eclipse.justj.openjdk.hotspot.jre.full.win32.x86_64_21.0.4.v20240802-1551\jre\bin\management.dll
0x00007ffde4760000 - 0x00007ffde476b000 	C:\Users\Thais Rodrigues\Downloads\sts-4.25.0.RELEASE\plugins\org.eclipse.justj.openjdk.hotspot.jre.full.win32.x86_64_21.0.4.v20240802-1551\jre\bin\management_ext.dll
0x00007ffdfdea0000 - 0x00007ffdfdea8000 	C:\Windows\System32\PSAPI.DLL
0x00007ffdbab90000 - 0x00007ffdbaba7000 	C:\Windows\system32\napinsp.dll
0x00007ffdb9c90000 - 0x00007ffdb9cab000 	C:\Windows\system32\pnrpnsp.dll
0x00007ffde3220000 - 0x00007ffde3235000 	C:\Windows\system32\wshbth.dll
0x00007ffdf77b0000 - 0x00007ffdf77cd000 	C:\Windows\system32\NLAapi.dll
0x00007ffdb7610000 - 0x00007ffdb7622000 	C:\Windows\System32\winrnr.dll
0x00007ffdfb540000 - 0x00007ffdfb558000 	C:\Windows\SYSTEM32\CRYPTSP.dll
0x00007ffdfacd0000 - 0x00007ffdfad04000 	C:\Windows\system32\rsaenh.dll
0x00007ffdfbb70000 - 0x00007ffdfbb9e000 	C:\Windows\SYSTEM32\USERENV.dll
0x00007ffdfb560000 - 0x00007ffdfb56c000 	C:\Windows\SYSTEM32\CRYPTBASE.dll
0x00007ffde3680000 - 0x00007ffde3689000 	C:\Users\Thais Rodrigues\Downloads\sts-4.25.0.RELEASE\plugins\org.eclipse.justj.openjdk.hotspot.jre.full.win32.x86_64_21.0.4.v20240802-1551\jre\bin\extnet.dll
0x00007ffde4dd0000 - 0x00007ffde4de0000 	C:\Users\Thais Rodrigues\Downloads\sts-4.25.0.RELEASE\plugins\org.eclipse.justj.openjdk.hotspot.jre.full.win32.x86_64_21.0.4.v20240802-1551\jre\bin\verify.dll
0x00007ffde4500000 - 0x00007ffde450e000 	C:\Users\Thais Rodrigues\Downloads\sts-4.25.0.RELEASE\plugins\org.eclipse.justj.openjdk.hotspot.jre.full.win32.x86_64_21.0.4.v20240802-1551\jre\bin\sunmscapi.dll
0x00007ffdfbca0000 - 0x00007ffdfbdf6000 	C:\Windows\System32\CRYPT32.dll
0x00007ffdfb660000 - 0x00007ffdfb687000 	C:\Windows\SYSTEM32\ncrypt.dll
0x00007ffdfb620000 - 0x00007ffdfb65b000 	C:\Windows\SYSTEM32\NTASN1.dll
0x00007ffde5e00000 - 0x00007ffde5e07000 	C:\Windows\system32\wshunix.dll
0x00007ffdf5a50000 - 0x00007ffdf5a67000 	C:\Windows\SYSTEM32\dhcpcsvc6.DLL
0x00007ffdf5be0000 - 0x00007ffdf5bfd000 	C:\Windows\SYSTEM32\dhcpcsvc.DLL

dbghelp: loaded successfully - version: 4.0.5 - missing functions: none
symbol engine: initialized successfully - sym options: 0x614 - pdb path: .;C:\Users\Thais Rodrigues\Downloads\sts-4.25.0.RELEASE\plugins\org.eclipse.justj.openjdk.hotspot.jre.full.win32.x86_64_21.0.4.v20240802-1551\jre\bin;C:\Windows\SYSTEM32;C:\Windows\WinSxS\amd64_microsoft.windows.common-controls_6595b64144ccf1df_6.0.19041.1110_none_60b5254171f9507e;C:\Users\Thais Rodrigues\Downloads\sts-4.25.0.RELEASE\plugins\org.eclipse.justj.openjdk.hotspot.jre.full.win32.x86_64_21.0.4.v20240802-1551\jre\bin\server

VM Arguments:
jvm_args: -XX:+ShowCodeDetailsInExceptionMessages -agentlib:jdwp=transport=dt_socket,suspend=y,address=localhost:51641 -Dcom.sun.management.jmxremote -Dcom.sun.management.jmxremote.port=51640 -Dcom.sun.management.jmxremote.authenticate=false -Dcom.sun.management.jmxremote.ssl=false -Djava.rmi.server.hostname=localhost -Dspring.jmx.enabled=true -Dmanagement.endpoints.jmx.exposure.include=* -Dspring.application.admin.enabled=true -XX:TieredStopAtLevel=1 -Dspring.boot.project.name=gerenciador-tarefas -javaagent:C:\Users\Thais Rodrigues\Downloads\sts-4.25.0.RELEASE\configuration\org.eclipse.osgi\270\0\.cp\lib\javaagent-shaded.jar -Dfile.encoding=UTF-8 -Dstdout.encoding=UTF-8 -Dstderr.encoding=UTF-8 
java_command: com.example.gerenciador_tarefas.GerenciadorTarefasApplication --spring.output.ansi.enabled=always
java_class_path (initial): C:\Users\Thais Rodrigues\Downloads\gerenciador-tarefas\target\classes;C:\Users\Thais Rodrigues\.m2\repository\org\springframework\boot\spring-boot-starter-data-mongodb\3.3.4\spring-boot-starter-data-mongodb-3.3.4.jar;C:\Users\Thais Rodrigues\.m2\repository\org\springframework\boot\spring-boot-starter\3.3.4\spring-boot-starter-3.3.4.jar;C:\Users\Thais Rodrigues\.m2\repository\org\springframework\boot\spring-boot-starter-logging\3.3.4\spring-boot-starter-logging-3.3.4.jar;C:\Users\Thais Rodrigues\.m2\repository\ch\qos\logback\logback-classic\1.5.8\logback-classic-1.5.8.jar;C:\Users\Thais Rodrigues\.m2\repository\ch\qos\logback\logback-core\1.5.8\logback-core-1.5.8.jar;C:\Users\Thais Rodrigues\.m2\repository\org\apache\logging\log4j\log4j-to-slf4j\2.23.1\log4j-to-slf4j-2.23.1.jar;C:\Users\Thais Rodrigues\.m2\repository\org\apache\logging\log4j\log4j-api\2.23.1\log4j-api-2.23.1.jar;C:\Users\Thais Rodrigues\.m2\repository\org\slf4j\jul-to-slf4j\2.0.16\jul-to-slf4j-2.0.16.jar;C:\Users\Thais Rodrigues\.m2\repository\jakarta\annotation\jakarta.annotation-api\2.1.1\jakarta.annotation-api-2.1.1.jar;C:\Users\Thais Rodrigues\.m2\repository\org\yaml\snakeyaml\2.2\snakeyaml-2.2.jar;C:\Users\Thais Rodrigues\.m2\repository\org\mongodb\mongodb-driver-sync\5.0.1\mongodb-driver-sync-5.0.1.jar;C:\Users\Thais Rodrigues\.m2\repository\org\mongodb\bson\5.0.1\bson-5.0.1.jar;C:\Users\Thais Rodrigues\.m2\repository\org\mongodb\mongodb-driver-core\5.0.1\mongodb-driver-core-5.0.1.jar;C:\Users\Thais Rodrigues\.m2\repository\org\mongodb\bson-record-codec\5.0.1\bson-record-codec-5.0.1.jar;C:\Users\Thais Rodrigues\.m2\repository\org\springframework\data\spring-data-mongodb\4.3.4\spring-data-mongodb-4.3.4.jar;C:\Users\Thais Rodrigues\.m2\repository\org\springframework\spring-tx\6.1.13\spring-tx-6.1.13.jar;C:\Users\Thais Rodrigues\.m2\repository\org\springframework\spring-context\6.1.13\spring-context-6.1.13.jar;C:\Users\Thais Rodrigues\.m2\repository\org\springframework\spring-beans\6.1.13\spring-beans-6.1.13.jar;C:\Users\Thais Rodrigues\.m2\repository\org\springframework\spring-expression\6.1.13\spring-expression-6.1.13.jar;C:\Users\Thais Rodrigues\.m2\repository\org\springframework\data\spring-data-commons\3.3.4\spring-data-commons-3.3.4.jar;C:\Users\Thais Rodrigues\.m2\repository\org\slf4j\slf4j-api\2.0.16\slf4j-api-2.0.16.jar;C:\Users\Thais Rodrigues\.m2\repository\org\springframework\boot\spring-boot-starter-web\3.3.4\spring-boot-starter-web-3.3.4.jar;C:\Users\Thais Rodrigues\.m2\repository\org\springframework\boot\spring-boot-starter-json\3.3.4\spring-boot-starter-json-3.3.4.jar;C:\Users\Thais Rodrigues\.m2\repository\com\fasterxml\jackson\core\jackson-databind\2.17.2\jackson-databind-2.17.2.jar;C:\Users\Thais Rodrigues\.m2\repository\com\fasterxml\jackson\core\jackson-annotations\2.17.2\jackson-annotations-2.17.2.jar;C:\Users\Thais Rodrigues\.m2\repository\com\fasterxml\jackson\core\jackson-core\2.17.2\jackson-core-2.17.2.jar;C:\Users\Thais Rodrigues\.m2\repository\com\fasterxml\jackson\datatype\jackson-datatype-jdk8\2.17.2\jackson-datatype-jdk8-2.17.2.jar;C:\Users\Thais Rodrigues\.m2\repository\com\fasterxml\jackson\datatype\jackson-datatype-jsr310\2.17.2\jackson-datatype-jsr310-2.17.2.jar;C:\Users\Thais Rodrigues\.m2\repository\com\fasterxml\jackson\module\jackson-module-parameter-names\2.17.2\jackson-module-parameter-names-2.17.2.jar;C:\Users\Thais Rodrigues\.m2\repository\org\springframework\boot\spring-boot-starter-tomcat\3.3.4\spring-boot-starter-tomcat-3.3.4.jar;C:\Users\Thais Rodrigues\.m2\repository\org\apache\tomcat\embed\tomcat-embed-core\10.1.30\tomcat-embed-core-10.1.30.jar;C:\Users\Thais Rodrigues\.m2\repository\org\apache\tomcat\embed\tomcat-embed-el\10.1.30\tomcat-embed-el-10.1.30.jar;C:\Users\Thais Rodrigues\.m2\repository\org\apache\tomcat\embed\tomcat-embed-websocket\10.1.30\tomcat-embed-websocket-10.1.30.jar;C:\Users\Thais Rodrigues\.m2\repository\org\springframework\spring-web\6.1.13\spring-web-6.1.13.jar;C:\Users\Thais Rodrigues\.m2\repository\io\micrometer\micrometer-observation\1.13.4\micrometer-observation-1.13.4.jar;C:\Users\Thais Rodrigues\.m2\repository\io\micrometer\micrometer-commons\1.13.4\micrometer-commons-1.13.4.jar;C:\Users\Thais Rodrigues\.m2\repository\org\springframework\spring-webmvc\6.1.13\spring-webmvc-6.1.13.jar;C:\Users\Thais Rodrigues\.m2\repository\org\springframework\spring-aop\6.1.13\spring-aop-6.1.13.jar;C:\Users\Thais Rodrigues\.m2\repository\org\springframework\boot\spring-boot-devtools\3.3.4\spring-boot-devtools-3.3.4.jar;C:\Users\Thais Rodrigues\.m2\repository\org\springframework\boot\spring-boot\3.3.4\spring-boot-3.3.4.jar;C:\Users\Thais Rodrigues\.m2\repository\org\springframework\boot\spring-boot-autoconfigure\3.3.4\spring-boot-autoconfigure-3.3.4.jar;C:\Users\Thais Rodrigues\.m2\repository\org\projectlombok\lombok\1.18.34\lombok-1.18.34.jar;C:\Users\Thais Rodrigues\.m2\repository\org\springframework\spring-core\6.1.13\spring-core-6.1.13.jar;C:\Users\Thais Rodrigues\.m2\repository\org\springframework\spring-jcl\6.1.13\spring-jcl-6.1.13.jar
Launcher Type: SUN_STANDARD

[Global flags]
     intx CICompilerCount                          = 4                                         {product} {ergonomic}
     uint ConcGCThreads                            = 3                                         {product} {ergonomic}
     uint G1ConcRefinementThreads                  = 10                                        {product} {ergonomic}
   size_t G1HeapRegionSize                         = 2097152                                   {product} {ergonomic}
    uintx GCDrainStackTargetSize                   = 64                                        {product} {ergonomic}
   size_t InitialHeapSize                          = 260046848                                 {product} {ergonomic}
     bool ManagementServer                         = true                                      {product} {command line}
   size_t MarkStackSize                            = 4194304                                   {product} {ergonomic}
   size_t MaxHeapSize                              = 4133486592                                {product} {ergonomic}
   size_t MaxNewSize                               = 2478833664                                {product} {ergonomic}
   size_t MinHeapDeltaBytes                        = 2097152                                   {product} {ergonomic}
   size_t MinHeapSize                              = 8388608                                   {product} {ergonomic}
    uintx NonNMethodCodeHeapSize                   = 4096                                   {pd product} {ergonomic}
    uintx NonProfiledCodeHeapSize                  = 0                                      {pd product} {ergonomic}
     bool ProfileInterpreter                       = false                                  {pd product} {command line}
    uintx ProfiledCodeHeapSize                     = 0                                      {pd product} {ergonomic}
     bool ShowCodeDetailsInExceptionMessages       = true                                   {manageable} {command line}
   size_t SoftMaxHeapSize                          = 4133486592                             {manageable} {ergonomic}
     intx TieredStopAtLevel                        = 1                                         {product} {command line}
     bool UseCompressedOops                        = true                           {product lp64_product} {ergonomic}
     bool UseG1GC                                  = true                                      {product} {ergonomic}
     bool UseLargePagesIndividualAllocation        = false                                  {pd product} {ergonomic}

Logging:
Log output configuration:
 #0: stdout all=warning uptime,level,tags foldmultilines=false
 #1: stderr all=off uptime,level,tags foldmultilines=false

Environment Variables:
PATH=C:\Users\Thais Rodrigues\Downloads\sts-4.25.0.RELEASE\plugins\org.eclipse.justj.openjdk.hotspot.jre.full.win32.x86_64_21.0.4.v20240802-1551\jre\bin;C:/Users/Thais Rodrigues/Downloads/sts-4.25.0.RELEASE//plugins/org.eclipse.justj.openjdk.hotspot.jre.full.win32.x86_64_21.0.4.v20240802-1551/jre/bin/server;C:/Users/Thais Rodrigues/Downloads/sts-4.25.0.RELEASE//plugins/org.eclipse.justj.openjdk.hotspot.jre.full.win32.x86_64_21.0.4.v20240802-1551/jre/bin;C:\Program Files (x86)\Common Files\Oracle\Java\javapath;C:\Windows\system32;C:\Windows;C:\Windows\System32\Wbem;C:\Windows\System32\WindowsPowerShell\v1.0\;C:\Windows\System32\OpenSSH\;C:\Program Files\Git\cmd;C:\Program Files\nodejs\;C:\Users\Thais Rodrigues\AppData\Local\Microsoft\WindowsApps;C:\Users\Thais Rodrigues\AppData\Local\Programs\Microsoft VS Code\bin;C:\Users\Thais Rodrigues\AppData\Roaming\npm;C:\Users\Thais Rodrigues\Downloads\sts-4.25.0.RELEASE;
USERNAME=Thais Rodrigues
OS=Windows_NT
PROCESSOR_IDENTIFIER=AMD64 Family 23 Model 96 Stepping 1, AuthenticAMD
TMP=C:\Users\THAISR~1\AppData\Local\Temp
TEMP=C:\Users\THAISR~1\AppData\Local\Temp




Periodic native trim disabled

---------------  S Y S T E M  ---------------

OS:
 Windows 10 , 64 bit Build 19041 (10.0.19041.1202)
OS uptime: 0 days 2:18 hours

CPU: total 12 (initial active 12) (12 cores per cpu, 2 threads per core) family 23 model 96 stepping 1 microcode 0x0, cx8, cmov, fxsr, ht, mmx, 3dnowpref, sse, sse2, sse3, ssse3, sse4a, sse4.1, sse4.2, popcnt, lzcnt, tsc, tscinvbit, avx, avx2, aes, clmul, bmi1, bmi2, adx, sha, fma, vzeroupper, clflush, clflushopt, rdtscp, rdpid, f16c
Processor Information for all 12 processors :
  Max Mhz: 3701, Current Mhz: 3701, Mhz Limit: 3701

Memory: 4k page, system-wide physical 15761M (5508M free)
TotalPageFile size 15761M (AvailPageFile size 3852M)
current process WorkingSet (physical memory assigned to process): 226M, peak: 228M
current process commit charge ("private bytes"): 259M, peak: 358M

vm_info: OpenJDK 64-Bit Server VM (21.0.4+7-LTS) for windows-amd64 JRE (21.0.4+7-LTS), built on 2024-07-16T00:00:00Z by "admin" with MS VC++ 17.7 (VS2022)

END.
